{
  "stats": {
    "suites": 3,
    "tests": 5,
    "passes": 5,
    "pending": 0,
    "failures": 0,
    "start": "2020-11-12T16:24:07.562Z",
    "end": "2020-11-12T16:24:08.278Z",
    "duration": 716,
    "testsRegistered": 5,
    "passPercent": 100,
    "pendingPercent": 0,
    "other": 0,
    "hasOther": false,
    "skipped": 0,
    "hasSkipped": false
  },
  "results": [
    {
      "uuid": "6a830c93-e804-4c97-97b2-133f4588eb6d",
      "title": "",
      "fullFile": "cypress\\integration\\restAPI\\post_requests\\post_calls.js",
      "file": "cypress\\integration\\restAPI\\post_requests\\post_calls.js",
      "beforeHooks": [],
      "afterHooks": [],
      "tests": [],
      "suites": [
        {
          "uuid": "99efb94a-1a56-4281-a597-a7dab183fe53",
          "title": "POST requests",
          "fullFile": "",
          "file": "",
          "beforeHooks": [],
          "afterHooks": [],
          "tests": [
            {
              "title": "Check post status",
              "fullTitle": "POST requests Check post status",
              "timedOut": null,
              "duration": 191,
              "state": "passed",
              "speed": "slow",
              "pass": true,
              "fail": false,
              "pending": false,
              "context": null,
              "code": "cy.get('@request').then(function ($response) {\n  expect($response.status).equal(201);\n  cy.log(JSON.stringify($response.body));\n  cy.log($response.body);\n});",
              "err": {},
              "uuid": "c7947bc6-9546-4351-8da1-68ed68b9c221",
              "parentUUID": "99efb94a-1a56-4281-a597-a7dab183fe53",
              "isHook": false,
              "skipped": false
            },
            {
              "title": "Check post response body",
              "fullTitle": "POST requests Check post response body",
              "timedOut": null,
              "duration": 124,
              "state": "passed",
              "speed": "slow",
              "pass": true,
              "fail": false,
              "pending": false,
              "context": null,
              "code": "cy.get('@request').its('body').then(function (expected) {\n  cy.log(JSON.stringify(expected));\n  cy.wrap(expected).should('include', {\n    \"name\": \"morpheus\"\n  });\n});",
              "err": {},
              "uuid": "f865dac1-ade9-4335-94d1-ac15597b468d",
              "parentUUID": "99efb94a-1a56-4281-a597-a7dab183fe53",
              "isHook": false,
              "skipped": false
            }
          ],
          "suites": [],
          "passes": [
            "c7947bc6-9546-4351-8da1-68ed68b9c221",
            "f865dac1-ade9-4335-94d1-ac15597b468d"
          ],
          "failures": [],
          "pending": [],
          "skipped": [],
          "duration": 315,
          "root": false,
          "rootEmpty": false,
          "_timeout": 2000
        },
        {
          "uuid": "0a02e240-8859-4196-9093-0dfddfd673bb",
          "title": "REGISTER - SUCCESSFUL",
          "fullFile": "",
          "file": "",
          "beforeHooks": [],
          "afterHooks": [],
          "tests": [
            {
              "title": "Check Registration Successfull",
              "fullTitle": "REGISTER - SUCCESSFUL Check Registration Successfull",
              "timedOut": null,
              "duration": 93,
              "state": "passed",
              "speed": "slow",
              "pass": true,
              "fail": false,
              "pending": false,
              "context": null,
              "code": "cy.get('@request').then(function (response) {\n  expect(response.status).equal(200);\n  cy.log(JSON.stringify(response.body));\n});",
              "err": {},
              "uuid": "d5abca9d-86ab-4e41-a756-df7c2d77269f",
              "parentUUID": "0a02e240-8859-4196-9093-0dfddfd673bb",
              "isHook": false,
              "skipped": false
            },
            {
              "title": "Check response body",
              "fullTitle": "REGISTER - SUCCESSFUL Check response body",
              "timedOut": null,
              "duration": 92,
              "state": "passed",
              "speed": "slow",
              "pass": true,
              "fail": false,
              "pending": false,
              "context": null,
              "code": "var actual_resp;\ncy.fixture('post_reqres_response.json').then(function (actual) {\n  actual_resp = actual;\n});\ncy.get('@request').its('body').then(function (expected) {\n  expect(expected).to.deep.equal(actual_resp);\n});",
              "err": {},
              "uuid": "428402f3-e839-46e4-8d22-55eb79f64b6e",
              "parentUUID": "0a02e240-8859-4196-9093-0dfddfd673bb",
              "isHook": false,
              "skipped": false
            }
          ],
          "suites": [],
          "passes": [
            "d5abca9d-86ab-4e41-a756-df7c2d77269f",
            "428402f3-e839-46e4-8d22-55eb79f64b6e"
          ],
          "failures": [],
          "pending": [],
          "skipped": [],
          "duration": 185,
          "root": false,
          "rootEmpty": false,
          "_timeout": 2000
        },
        {
          "uuid": "8844af9f-8926-430f-97fe-9ad2e74b7073",
          "title": "Missing required data from POST body checks",
          "fullFile": "",
          "file": "",
          "beforeHooks": [],
          "afterHooks": [],
          "tests": [
            {
              "title": "Missing required data Password filed from POST body checks",
              "fullTitle": "Missing required data from POST body checks Missing required data Password filed from POST body checks",
              "timedOut": null,
              "duration": 141,
              "state": "passed",
              "speed": "slow",
              "pass": true,
              "fail": false,
              "pending": false,
              "context": null,
              "code": "cy.request({\n  method: 'POST',\n  url: Cypress.env('reqres_url') + '/api/register',\n  body: {\n    \"email\": \"sydney@fife\"\n  },\n  failOnStatusCode: false\n}).as('request');\ncy.get('@request').then(function (response) {\n  expect(response.status).equal(400);\n  expect(response.body).to.deep.equals({\n    error: 'Missing password'\n  });\n});",
              "err": {},
              "uuid": "642e8d84-9e94-4db3-a9ce-7870cd7cdda6",
              "parentUUID": "8844af9f-8926-430f-97fe-9ad2e74b7073",
              "isHook": false,
              "skipped": false
            }
          ],
          "suites": [],
          "passes": [
            "642e8d84-9e94-4db3-a9ce-7870cd7cdda6"
          ],
          "failures": [],
          "pending": [],
          "skipped": [],
          "duration": 141,
          "root": false,
          "rootEmpty": false,
          "_timeout": 2000
        }
      ],
      "passes": [],
      "failures": [],
      "pending": [],
      "skipped": [],
      "duration": 0,
      "root": true,
      "rootEmpty": true,
      "_timeout": 2000
    }
  ],
  "meta": {
    "mocha": {
      "version": "7.0.1"
    },
    "mochawesome": {
      "options": {
        "quiet": false,
        "reportFilename": "mochawesome",
        "saveHtml": false,
        "saveJson": true,
        "consoleReporter": "spec",
        "useInlineDiffs": false,
        "code": true
      },
      "version": "6.2.1"
    },
    "marge": {
      "options": {
        "id": "default",
        "reportDir": "cypress/reports/mocha",
        "quite": true,
        "overwrite": false,
        "html": false,
        "json": true
      },
      "version": "5.1.0"
    }
  }
}