{
  "stats": {
    "suites": 3,
    "tests": 13,
    "passes": 12,
    "pending": 0,
    "failures": 1,
    "start": "2020-11-12T16:23:35.668Z",
    "end": "2020-11-12T16:23:40.640Z",
    "duration": 4972,
    "testsRegistered": 13,
    "passPercent": 92.3076923076923,
    "pendingPercent": 0,
    "other": 0,
    "hasOther": false,
    "skipped": 0,
    "hasSkipped": false
  },
  "results": [
    {
      "uuid": "471d746a-ac75-4674-9f50-9d064f806bd1",
      "title": "",
      "fullFile": "cypress\\integration\\restAPI\\get_requests\\get_positive_negative_calls.js",
      "file": "cypress\\integration\\restAPI\\get_requests\\get_positive_negative_calls.js",
      "beforeHooks": [],
      "afterHooks": [],
      "tests": [],
      "suites": [
        {
          "uuid": "d99d0220-b90d-472f-a235-ea797ed01d4c",
          "title": "Reqres.in API - Get Call Requests",
          "fullFile": "",
          "file": "",
          "beforeHooks": [],
          "afterHooks": [],
          "tests": [
            {
              "title": "Check response code",
              "fullTitle": "Reqres.in API - Get Call Requests Check response code",
              "timedOut": null,
              "duration": 174,
              "state": "passed",
              "speed": "slow",
              "pass": true,
              "fail": false,
              "pending": false,
              "context": null,
              "code": "cy.get('@users').its('status').should('equal', 200);",
              "err": {},
              "uuid": "7902102e-cfa2-43c1-b1df-496e79273ed4",
              "parentUUID": "d99d0220-b90d-472f-a235-ea797ed01d4c",
              "isHook": false,
              "skipped": false
            },
            {
              "title": "Check its conetent type",
              "fullTitle": "Reqres.in API - Get Call Requests Check its conetent type",
              "timedOut": null,
              "duration": 94,
              "state": "passed",
              "speed": "slow",
              "pass": true,
              "fail": false,
              "pending": false,
              "context": null,
              "code": "cy.get('@users').its('headers').its('content-type').should('include', 'application/json; charset=utf-8');",
              "err": {},
              "uuid": "7d80c167-2689-4674-84e9-a14abcdf7f38",
              "parentUUID": "d99d0220-b90d-472f-a235-ea797ed01d4c",
              "isHook": false,
              "skipped": false
            },
            {
              "title": "Get length of the response body",
              "fullTitle": "Reqres.in API - Get Call Requests Get length of the response body",
              "timedOut": null,
              "duration": 90,
              "state": "passed",
              "speed": "slow",
              "pass": true,
              "fail": false,
              "pending": false,
              "context": null,
              "code": "cy.get('@users').its('body').its('data').then(function (data) {\n  cy.log(data.length);\n});",
              "err": {},
              "uuid": "8fad07a6-215b-4528-815a-0a697bf02a1d",
              "parentUUID": "d99d0220-b90d-472f-a235-ea797ed01d4c",
              "isHook": false,
              "skipped": false
            },
            {
              "title": "Check length of the response body",
              "fullTitle": "Reqres.in API - Get Call Requests Check length of the response body",
              "timedOut": null,
              "duration": 77,
              "state": "passed",
              "speed": "slow",
              "pass": true,
              "fail": false,
              "pending": false,
              "context": null,
              "code": "cy.get('@users').its('body').its('data').should('have.length', 6);",
              "err": {},
              "uuid": "320b84ea-06c7-4e39-8e6e-ce90a403352b",
              "parentUUID": "d99d0220-b90d-472f-a235-ea797ed01d4c",
              "isHook": false,
              "skipped": false
            },
            {
              "title": "Expect response body should not be null",
              "fullTitle": "Reqres.in API - Get Call Requests Expect response body should not be null",
              "timedOut": null,
              "duration": 70,
              "state": "passed",
              "speed": "medium",
              "pass": true,
              "fail": false,
              "pending": false,
              "context": null,
              "code": "cy.get('@users').its('body').should('not.be.null');",
              "err": {},
              "uuid": "88c0b8e8-e777-45f9-9062-7c950dfb0116",
              "parentUUID": "d99d0220-b90d-472f-a235-ea797ed01d4c",
              "isHook": false,
              "skipped": false
            },
            {
              "title": "Check total pages in response",
              "fullTitle": "Reqres.in API - Get Call Requests Check total pages in response",
              "timedOut": null,
              "duration": 71,
              "state": "passed",
              "speed": "medium",
              "pass": true,
              "fail": false,
              "pending": false,
              "context": null,
              "code": "cy.get('@users').its('body').its('total_pages').should('equal', 2);",
              "err": {},
              "uuid": "a38d8fc9-fcc5-4881-a329-3eec01ebcbff",
              "parentUUID": "d99d0220-b90d-472f-a235-ea797ed01d4c",
              "isHook": false,
              "skipped": false
            },
            {
              "title": "Check response body",
              "fullTitle": "Reqres.in API - Get Call Requests Check response body",
              "timedOut": null,
              "duration": 99,
              "state": "passed",
              "speed": "slow",
              "pass": true,
              "fail": false,
              "pending": false,
              "context": null,
              "code": "cy.get('@users').then(function ($response) {\n  cy.log($response.body.data);\n  cy.log($response.body.data[0]);\n  cy.log($response.body.data[0].first_name);\n  expect($response.status).equal(200);\n  expect($response.body.data[0].first_name).equal('Michael');\n  expect($response.body).to.not.be[\"null\"];\n  expect($response.body.data).to.have.length(6);\n});",
              "err": {},
              "uuid": "3d1b96c4-8777-4ede-8bca-25c2fc2d4cb3",
              "parentUUID": "d99d0220-b90d-472f-a235-ea797ed01d4c",
              "isHook": false,
              "skipped": false
            },
            {
              "title": "Print complete response body as JSON string",
              "fullTitle": "Reqres.in API - Get Call Requests Print complete response body as JSON string",
              "timedOut": null,
              "duration": 77,
              "state": "passed",
              "speed": "slow",
              "pass": true,
              "fail": false,
              "pending": false,
              "context": null,
              "code": "cy.get('@users').its('body').then(function ($expected_response) {\n  cy.log(JSON.stringify($expected_response));\n});",
              "err": {},
              "uuid": "7fd8fc75-4aae-4fcf-aa45-0fb18da591b3",
              "parentUUID": "d99d0220-b90d-472f-a235-ea797ed01d4c",
              "isHook": false,
              "skipped": false
            },
            {
              "title": "Check actual response body legth againist expected json response length",
              "fullTitle": "Reqres.in API - Get Call Requests Check actual response body legth againist expected json response length",
              "timedOut": null,
              "duration": 115,
              "state": "passed",
              "speed": "slow",
              "pass": true,
              "fail": false,
              "pending": false,
              "context": null,
              "code": "cy.fixture('get_reqres_response.json').as('actual_response');\nvar actual_resp;\ncy.get('@actual_response').its('data').then(function (actual) {\n  cy.log(\"There are \".concat(actual.length, \" admins.\"));\n  actual_resp = actual.length;\n});\ncy.get('@users').its('body').its('data').then(function ($expected_response) {\n  cy.log(JSON.stringify($expected_response));\n  cy.log($expected_response.length);\n  expect($expected_response).to.have.lengthOf(actual_resp);\n});",
              "err": {},
              "uuid": "4c2cf9ef-5156-4f14-8232-d0435321702a",
              "parentUUID": "d99d0220-b90d-472f-a235-ea797ed01d4c",
              "isHook": false,
              "skipped": false
            },
            {
              "title": "Check actual response body againist expected json response",
              "fullTitle": "Reqres.in API - Get Call Requests Check actual response body againist expected json response",
              "timedOut": null,
              "duration": 83,
              "state": "passed",
              "speed": "slow",
              "pass": true,
              "fail": false,
              "pending": false,
              "context": null,
              "code": "cy.fixture('get_reqres_response.json').as('actual_response');\nvar actual_resp;\ncy.get('@actual_response').then(function (actual) {\n  cy.log(actual);\n  actual_resp = actual;\n});\ncy.get('@users').its('body').then(function (expected_resp) {\n  cy.wrap(expected_resp).should('deep.equal', actual_resp);\n});",
              "err": {},
              "uuid": "4da4672a-5fa8-42a1-affa-0a74423ba590",
              "parentUUID": "d99d0220-b90d-472f-a235-ea797ed01d4c",
              "isHook": false,
              "skipped": false
            }
          ],
          "suites": [],
          "passes": [
            "7902102e-cfa2-43c1-b1df-496e79273ed4",
            "7d80c167-2689-4674-84e9-a14abcdf7f38",
            "8fad07a6-215b-4528-815a-0a697bf02a1d",
            "320b84ea-06c7-4e39-8e6e-ce90a403352b",
            "88c0b8e8-e777-45f9-9062-7c950dfb0116",
            "a38d8fc9-fcc5-4881-a329-3eec01ebcbff",
            "3d1b96c4-8777-4ede-8bca-25c2fc2d4cb3",
            "7fd8fc75-4aae-4fcf-aa45-0fb18da591b3",
            "4c2cf9ef-5156-4f14-8232-d0435321702a",
            "4da4672a-5fa8-42a1-affa-0a74423ba590"
          ],
          "failures": [],
          "pending": [],
          "skipped": [],
          "duration": 950,
          "root": false,
          "rootEmpty": false,
          "_timeout": 2000
        },
        {
          "uuid": "300bcfd4-5041-497b-900c-817bb320a04b",
          "title": "GET negative calls",
          "fullFile": "",
          "file": "",
          "beforeHooks": [],
          "afterHooks": [],
          "tests": [
            {
              "title": "Single user not found",
              "fullTitle": "GET negative calls Single user not found",
              "timedOut": null,
              "duration": 91,
              "state": "passed",
              "speed": "slow",
              "pass": true,
              "fail": false,
              "pending": false,
              "context": null,
              "code": "cy.request({\n  method: 'GET',\n  url: Cypress.env('reqres_url') + '/api/users/23',\n  headers: {\n    'accept': 'application/json'\n  },\n  failOnStatusCode: false //fail on status code if we remove this option or set to true\n}).then(function ($response) {\n  expect($response.status).equal(404);\n});",
              "err": {},
              "uuid": "161b8102-965e-46db-b28d-666a786890cd",
              "parentUUID": "300bcfd4-5041-497b-900c-817bb320a04b",
              "isHook": false,
              "skipped": false
            },
            {
              "title": "Single resource not found",
              "fullTitle": "GET negative calls Single resource not found",
              "timedOut": null,
              "duration": 452,
              "state": "failed",
              "speed": null,
              "pass": false,
              "fail": true,
              "pending": false,
              "context": null,
              "code": "cy.request({\n  method: 'GET',\n  url: '/api/unknown/23',\n  headers: {\n    'accept': 'application/json'\n  },\n  failOnStatusCode: false //fail on status code if we remove this option or set to true\n}).then(function ($response) {\n  expect($response.status).equal(404);\n});",
              "err": {
                "message": "CypressError: `cy.request()` must be provided a fully qualified `url` - one that begins with `http`. By default `cy.request()` will use either the current window's origin or the `baseUrl` in `cypress.json`. Neither of those values were present.\n\nhttps://on.cypress.io/request",
                "estack": "CypressError: `cy.request()` must be provided a fully qualified `url` - one that begins with `http`. By default `cy.request()` will use either the current window's origin or the `baseUrl` in `cypress.json`. Neither of those values were present.\n\nhttps://on.cypress.io/request\n    at Context.request (http://localhost:63206/__cypress/runner/cypress_runner.js:158797:19)\nFrom Your Spec Code:\n    at Context.eval (http://localhost:63206/__cypress/tests?p=cypress\\integration\\restAPI\\get_requests\\get_positive_negative_calls.js:191:8)",
                "diff": null
              },
              "uuid": "87d4e11b-ad60-4311-b22e-183198b47439",
              "parentUUID": "300bcfd4-5041-497b-900c-817bb320a04b",
              "isHook": false,
              "skipped": false
            }
          ],
          "suites": [],
          "passes": [
            "161b8102-965e-46db-b28d-666a786890cd"
          ],
          "failures": [
            "87d4e11b-ad60-4311-b22e-183198b47439"
          ],
          "pending": [],
          "skipped": [],
          "duration": 543,
          "root": false,
          "rootEmpty": false,
          "_timeout": 2000
        },
        {
          "uuid": "763b8d02-24c0-40eb-ad03-838a42d2751c",
          "title": "Check delayed response",
          "fullFile": "",
          "file": "",
          "beforeHooks": [],
          "afterHooks": [],
          "tests": [
            {
              "title": "Delay Response",
              "fullTitle": "Check delayed response Delay Response",
              "timedOut": null,
              "duration": 3156,
              "state": "passed",
              "speed": "slow",
              "pass": true,
              "fail": false,
              "pending": false,
              "context": null,
              "code": "cy.request({\n  method: 'GET',\n  url: Cypress.env('reqres_url') + '/api/users?delay=3',\n  headers: {\n    'accept': 'application/json'\n  },\n  failOnStatusCode: false //fail on status code if we remove this option or set to true\n}).then(function ($response) {\n  expect($response.status).equal(200);\n});",
              "err": {},
              "uuid": "8b17ad6d-06b8-4c51-9ec8-7bcbac9b5a55",
              "parentUUID": "763b8d02-24c0-40eb-ad03-838a42d2751c",
              "isHook": false,
              "skipped": false
            }
          ],
          "suites": [],
          "passes": [
            "8b17ad6d-06b8-4c51-9ec8-7bcbac9b5a55"
          ],
          "failures": [],
          "pending": [],
          "skipped": [],
          "duration": 3156,
          "root": false,
          "rootEmpty": false,
          "_timeout": 2000
        }
      ],
      "passes": [],
      "failures": [],
      "pending": [],
      "skipped": [],
      "duration": 0,
      "root": true,
      "rootEmpty": true,
      "_timeout": 2000
    }
  ],
  "meta": {
    "mocha": {
      "version": "7.0.1"
    },
    "mochawesome": {
      "options": {
        "quiet": false,
        "reportFilename": "mochawesome",
        "saveHtml": false,
        "saveJson": true,
        "consoleReporter": "spec",
        "useInlineDiffs": false,
        "code": true
      },
      "version": "6.2.1"
    },
    "marge": {
      "options": {
        "id": "default",
        "reportDir": "cypress/reports/mocha",
        "quite": true,
        "overwrite": false,
        "html": false,
        "json": true
      },
      "version": "5.1.0"
    }
  }
}