{
  "stats": {
    "suites": 1,
    "tests": 1,
    "passes": 1,
    "pending": 0,
    "failures": 0,
    "start": "2020-11-12T16:23:29.418Z",
    "end": "2020-11-12T16:23:30.336Z",
    "duration": 918,
    "testsRegistered": 1,
    "passPercent": 100,
    "pendingPercent": 0,
    "other": 0,
    "hasOther": false,
    "skipped": 0,
    "hasSkipped": false
  },
  "results": [
    {
      "uuid": "0435e9a2-25b3-4ad9-a2e7-850aa0cfd63d",
      "title": "",
      "fullFile": "cypress\\integration\\restAPI\\get_requests\\get_calls_using_basic_auth.js",
      "file": "cypress\\integration\\restAPI\\get_requests\\get_calls_using_basic_auth.js",
      "beforeHooks": [],
      "afterHooks": [],
      "tests": [],
      "suites": [
        {
          "uuid": "e2c9ac00-8848-4be5-99e9-0535b085763c",
          "title": "GET calls using Basic Authentication Tests",
          "fullFile": "",
          "file": "",
          "beforeHooks": [],
          "afterHooks": [],
          "tests": [
            {
              "title": "Get all repos",
              "fullTitle": "GET calls using Basic Authentication Tests Get all repos",
              "timedOut": null,
              "duration": 782,
              "state": "passed",
              "speed": "slow",
              "pass": true,
              "fail": false,
              "pending": false,
              "context": null,
              "code": "cy.get('@request').then(function ($response) {\n  expect($response.status).equal(200);\n  expect($response.body).to.be.not[\"null\"];\n  expect($response.body[0].name).equal('Appium');\n  expect($response.body[0].owner.url).equal('https://api.github.com/users/praveenreddynarala');\n});",
              "err": {},
              "uuid": "7661ce9c-afb6-42ac-bc02-f3737089da67",
              "parentUUID": "e2c9ac00-8848-4be5-99e9-0535b085763c",
              "isHook": false,
              "skipped": false
            }
          ],
          "suites": [],
          "passes": [
            "7661ce9c-afb6-42ac-bc02-f3737089da67"
          ],
          "failures": [],
          "pending": [],
          "skipped": [],
          "duration": 782,
          "root": false,
          "rootEmpty": false,
          "_timeout": 2000
        }
      ],
      "passes": [],
      "failures": [],
      "pending": [],
      "skipped": [],
      "duration": 0,
      "root": true,
      "rootEmpty": true,
      "_timeout": 2000
    }
  ],
  "meta": {
    "mocha": {
      "version": "7.0.1"
    },
    "mochawesome": {
      "options": {
        "quiet": false,
        "reportFilename": "mochawesome",
        "saveHtml": false,
        "saveJson": true,
        "consoleReporter": "spec",
        "useInlineDiffs": false,
        "code": true
      },
      "version": "6.2.1"
    },
    "marge": {
      "options": {
        "id": "default",
        "reportDir": "cypress/reports/mocha",
        "quite": true,
        "overwrite": false,
        "html": false,
        "json": true
      },
      "version": "5.1.0"
    }
  }
}