{
  "stats": {
    "suites": 1,
    "tests": 2,
    "passes": 2,
    "pending": 0,
    "failures": 0,
    "start": "2020-11-12T16:23:10.111Z",
    "end": "2020-11-12T16:23:10.403Z",
    "duration": 292,
    "testsRegistered": 2,
    "passPercent": 100,
    "pendingPercent": 0,
    "other": 0,
    "hasOther": false,
    "skipped": 0,
    "hasSkipped": false
  },
  "results": [
    {
      "uuid": "26961f46-eea3-4119-9597-524290d3b5bb",
      "title": "",
      "fullFile": "cypress\\integration\\mockAPI_examples\\mock_post_delete_calls.js",
      "file": "cypress\\integration\\mockAPI_examples\\mock_post_delete_calls.js",
      "beforeHooks": [],
      "afterHooks": [],
      "tests": [],
      "suites": [
        {
          "uuid": "41eb6c3a-da6f-42ad-b369-5676c414d6a7",
          "title": "Mock POST calls",
          "fullFile": "",
          "file": "",
          "beforeHooks": [],
          "afterHooks": [],
          "tests": [
            {
              "title": "Create new resource",
              "fullTitle": "Mock POST calls Create new resource",
              "timedOut": null,
              "duration": 144,
              "state": "passed",
              "speed": "slow",
              "pass": true,
              "fail": false,
              "pending": false,
              "context": null,
              "code": "cy.request({\n  method: 'POST',\n  url: Cypress.env('mock_url') + '/users',\n  headers: {\n    'Content-type': 'application/json'\n  },\n  body: {\n    \"name\": \"Praveen\",\n    \"surname\": \"Narala\"\n  }\n}).as('request');\ncy.get('@request').then(function (response) {\n  if (response.status === 201) {\n    cy.log(response.body.id);\n    created_resource_id = response.body.id;\n  }\n});",
              "err": {},
              "uuid": "78227474-8c81-4e45-9fbe-883e5d19f4d1",
              "parentUUID": "41eb6c3a-da6f-42ad-b369-5676c414d6a7",
              "isHook": false,
              "skipped": false
            },
            {
              "title": "Delete created resource",
              "fullTitle": "Mock POST calls Delete created resource",
              "timedOut": null,
              "duration": 82,
              "state": "passed",
              "speed": "slow",
              "pass": true,
              "fail": false,
              "pending": false,
              "context": null,
              "code": "cy.request({\n  method: 'DELETE',\n  url: Cypress.env('mock_url') + '/users/' + created_resource_id,\n  headers: {\n    'Content-type': 'application/json'\n  }\n}).as('request');\ncy.get('@request').its('status').should('equal', 200);",
              "err": {},
              "uuid": "ab5dfd4b-73b6-44c8-9c07-09501643ed16",
              "parentUUID": "41eb6c3a-da6f-42ad-b369-5676c414d6a7",
              "isHook": false,
              "skipped": false
            }
          ],
          "suites": [],
          "passes": [
            "78227474-8c81-4e45-9fbe-883e5d19f4d1",
            "ab5dfd4b-73b6-44c8-9c07-09501643ed16"
          ],
          "failures": [],
          "pending": [],
          "skipped": [],
          "duration": 226,
          "root": false,
          "rootEmpty": false,
          "_timeout": 2000
        }
      ],
      "passes": [],
      "failures": [],
      "pending": [],
      "skipped": [],
      "duration": 0,
      "root": true,
      "rootEmpty": true,
      "_timeout": 2000
    }
  ],
  "meta": {
    "mocha": {
      "version": "7.0.1"
    },
    "mochawesome": {
      "options": {
        "quiet": false,
        "reportFilename": "mochawesome",
        "saveHtml": false,
        "saveJson": true,
        "consoleReporter": "spec",
        "useInlineDiffs": false,
        "code": true
      },
      "version": "6.2.1"
    },
    "marge": {
      "options": {
        "id": "default",
        "reportDir": "cypress/reports/mocha",
        "quite": true,
        "overwrite": false,
        "html": false,
        "json": true
      },
      "version": "5.1.0"
    }
  }
}