{
  "stats": {
    "suites": 3,
    "tests": 13,
    "passes": 12,
    "pending": 0,
    "failures": 1,
    "start": "2020-11-12T10:46:33.858Z",
    "end": "2020-11-12T10:46:38.071Z",
    "duration": 4213,
    "testsRegistered": 13,
    "passPercent": 92.3076923076923,
    "pendingPercent": 0,
    "other": 0,
    "hasOther": false,
    "skipped": 0,
    "hasSkipped": false
  },
  "results": [
    {
      "uuid": "e1d889fe-0694-4116-b62b-b32c843583f2",
      "title": "",
      "fullFile": "cypress\\integration\\restAPI\\get_requests\\get_positive_negative_calls.js",
      "file": "cypress\\integration\\restAPI\\get_requests\\get_positive_negative_calls.js",
      "beforeHooks": [],
      "afterHooks": [],
      "tests": [],
      "suites": [
        {
          "uuid": "a09475cf-1280-491e-9ca6-2fce524d378c",
          "title": "Reqres.in API - Get Call Requests",
          "fullFile": "",
          "file": "",
          "beforeHooks": [],
          "afterHooks": [],
          "tests": [
            {
              "title": "Check response code",
              "fullTitle": "Reqres.in API - Get Call Requests Check response code",
              "timedOut": null,
              "duration": 71,
              "state": "passed",
              "speed": "medium",
              "pass": true,
              "fail": false,
              "pending": false,
              "context": null,
              "code": "cy.get('@users').its('status').should('equal', 200);",
              "err": {},
              "uuid": "f6587b5c-af9d-43a6-8ae7-d57a50c18854",
              "parentUUID": "a09475cf-1280-491e-9ca6-2fce524d378c",
              "isHook": false,
              "skipped": false
            },
            {
              "title": "Check its conetent type",
              "fullTitle": "Reqres.in API - Get Call Requests Check its conetent type",
              "timedOut": null,
              "duration": 52,
              "state": "passed",
              "speed": "medium",
              "pass": true,
              "fail": false,
              "pending": false,
              "context": null,
              "code": "cy.get('@users').its('headers').its('content-type').should('include', 'application/json; charset=utf-8');",
              "err": {},
              "uuid": "9eec4d9c-6ef7-48e1-9bae-471f5cd80a9d",
              "parentUUID": "a09475cf-1280-491e-9ca6-2fce524d378c",
              "isHook": false,
              "skipped": false
            },
            {
              "title": "Get length of the response body",
              "fullTitle": "Reqres.in API - Get Call Requests Get length of the response body",
              "timedOut": null,
              "duration": 68,
              "state": "passed",
              "speed": "medium",
              "pass": true,
              "fail": false,
              "pending": false,
              "context": null,
              "code": "cy.get('@users').its('body').its('data').then(function (data) {\n  cy.log(data.length);\n});",
              "err": {},
              "uuid": "8ff7bf65-b648-4cf1-93ec-2b365be85416",
              "parentUUID": "a09475cf-1280-491e-9ca6-2fce524d378c",
              "isHook": false,
              "skipped": false
            },
            {
              "title": "Check length of the response body",
              "fullTitle": "Reqres.in API - Get Call Requests Check length of the response body",
              "timedOut": null,
              "duration": 55,
              "state": "passed",
              "speed": "medium",
              "pass": true,
              "fail": false,
              "pending": false,
              "context": null,
              "code": "cy.get('@users').its('body').its('data').should('have.length', 6);",
              "err": {},
              "uuid": "676f0478-1722-48ac-aa85-0db7b2dcffb0",
              "parentUUID": "a09475cf-1280-491e-9ca6-2fce524d378c",
              "isHook": false,
              "skipped": false
            },
            {
              "title": "Expect response body should not be null",
              "fullTitle": "Reqres.in API - Get Call Requests Expect response body should not be null",
              "timedOut": null,
              "duration": 55,
              "state": "passed",
              "speed": "medium",
              "pass": true,
              "fail": false,
              "pending": false,
              "context": null,
              "code": "cy.get('@users').its('body').should('not.be.null');",
              "err": {},
              "uuid": "a3333bd5-17b1-4aa7-b193-e2f66adead8e",
              "parentUUID": "a09475cf-1280-491e-9ca6-2fce524d378c",
              "isHook": false,
              "skipped": false
            },
            {
              "title": "Check total pages in response",
              "fullTitle": "Reqres.in API - Get Call Requests Check total pages in response",
              "timedOut": null,
              "duration": 49,
              "state": "passed",
              "speed": "medium",
              "pass": true,
              "fail": false,
              "pending": false,
              "context": null,
              "code": "cy.get('@users').its('body').its('total_pages').should('equal', 2);",
              "err": {},
              "uuid": "e3ced53f-93c5-41e3-a72d-31fa4140e482",
              "parentUUID": "a09475cf-1280-491e-9ca6-2fce524d378c",
              "isHook": false,
              "skipped": false
            },
            {
              "title": "Check response body",
              "fullTitle": "Reqres.in API - Get Call Requests Check response body",
              "timedOut": null,
              "duration": 52,
              "state": "passed",
              "speed": "medium",
              "pass": true,
              "fail": false,
              "pending": false,
              "context": null,
              "code": "cy.get('@users').then(function ($response) {\n  cy.log($response.body.data);\n  cy.log($response.body.data[0]);\n  cy.log($response.body.data[0].first_name);\n  expect($response.status).equal(200);\n  expect($response.body.data[0].first_name).equal('Michael');\n  expect($response.body).to.not.be[\"null\"];\n  expect($response.body.data).to.have.length(6);\n});",
              "err": {},
              "uuid": "2d078769-1869-4726-b873-9ff5d5e9f8a4",
              "parentUUID": "a09475cf-1280-491e-9ca6-2fce524d378c",
              "isHook": false,
              "skipped": false
            },
            {
              "title": "Print complete response body as JSON string",
              "fullTitle": "Reqres.in API - Get Call Requests Print complete response body as JSON string",
              "timedOut": null,
              "duration": 53,
              "state": "passed",
              "speed": "medium",
              "pass": true,
              "fail": false,
              "pending": false,
              "context": null,
              "code": "cy.get('@users').its('body').then(function ($expected_response) {\n  cy.log(JSON.stringify($expected_response));\n});",
              "err": {},
              "uuid": "36ce66f3-bc54-4e4e-9d6b-22ed93b30803",
              "parentUUID": "a09475cf-1280-491e-9ca6-2fce524d378c",
              "isHook": false,
              "skipped": false
            },
            {
              "title": "Check actual response body legth againist expected json response length",
              "fullTitle": "Reqres.in API - Get Call Requests Check actual response body legth againist expected json response length",
              "timedOut": null,
              "duration": 59,
              "state": "passed",
              "speed": "medium",
              "pass": true,
              "fail": false,
              "pending": false,
              "context": null,
              "code": "cy.fixture('get_reqres_response.json').as('actual_response');\nvar actual_resp;\ncy.get('@actual_response').its('data').then(function (actual) {\n  cy.log(\"There are \".concat(actual.length, \" admins.\"));\n  actual_resp = actual.length;\n});\ncy.get('@users').its('body').its('data').then(function ($expected_response) {\n  cy.log(JSON.stringify($expected_response));\n  cy.log($expected_response.length);\n  expect($expected_response).to.have.lengthOf(actual_resp);\n});",
              "err": {},
              "uuid": "a9afd014-15a2-47c8-927a-31f191c3d1a9",
              "parentUUID": "a09475cf-1280-491e-9ca6-2fce524d378c",
              "isHook": false,
              "skipped": false
            },
            {
              "title": "Check actual response body againist expected json response",
              "fullTitle": "Reqres.in API - Get Call Requests Check actual response body againist expected json response",
              "timedOut": null,
              "duration": 45,
              "state": "passed",
              "speed": "medium",
              "pass": true,
              "fail": false,
              "pending": false,
              "context": null,
              "code": "cy.fixture('get_reqres_response.json').as('actual_response');\nvar actual_resp;\ncy.get('@actual_response').then(function (actual) {\n  cy.log(actual);\n  actual_resp = actual;\n});\ncy.get('@users').its('body').then(function (expected_resp) {\n  cy.wrap(expected_resp).should('deep.equal', actual_resp);\n});",
              "err": {},
              "uuid": "d026d618-0c51-469b-95fc-9a8d5a238a99",
              "parentUUID": "a09475cf-1280-491e-9ca6-2fce524d378c",
              "isHook": false,
              "skipped": false
            }
          ],
          "suites": [],
          "passes": [
            "f6587b5c-af9d-43a6-8ae7-d57a50c18854",
            "9eec4d9c-6ef7-48e1-9bae-471f5cd80a9d",
            "8ff7bf65-b648-4cf1-93ec-2b365be85416",
            "676f0478-1722-48ac-aa85-0db7b2dcffb0",
            "a3333bd5-17b1-4aa7-b193-e2f66adead8e",
            "e3ced53f-93c5-41e3-a72d-31fa4140e482",
            "2d078769-1869-4726-b873-9ff5d5e9f8a4",
            "36ce66f3-bc54-4e4e-9d6b-22ed93b30803",
            "a9afd014-15a2-47c8-927a-31f191c3d1a9",
            "d026d618-0c51-469b-95fc-9a8d5a238a99"
          ],
          "failures": [],
          "pending": [],
          "skipped": [],
          "duration": 559,
          "root": false,
          "rootEmpty": false,
          "_timeout": 2000
        },
        {
          "uuid": "b91215ed-9b2d-4dcb-b8af-8660ce5ebe73",
          "title": "GET negative calls",
          "fullFile": "",
          "file": "",
          "beforeHooks": [],
          "afterHooks": [],
          "tests": [
            {
              "title": "Single user not found",
              "fullTitle": "GET negative calls Single user not found",
              "timedOut": null,
              "duration": 68,
              "state": "passed",
              "speed": "medium",
              "pass": true,
              "fail": false,
              "pending": false,
              "context": null,
              "code": "cy.request({\n  method: 'GET',\n  url: Cypress.env('reqres_url') + '/api/users/23',\n  headers: {\n    'accept': 'application/json'\n  },\n  failOnStatusCode: false //fail on status code if we remove this option or set to true\n}).then(function ($response) {\n  expect($response.status).equal(404);\n});",
              "err": {},
              "uuid": "0a25e3a0-3711-4e8a-9f9b-abe296a7ac10",
              "parentUUID": "b91215ed-9b2d-4dcb-b8af-8660ce5ebe73",
              "isHook": false,
              "skipped": false
            },
            {
              "title": "Single resource not found",
              "fullTitle": "GET negative calls Single resource not found",
              "timedOut": null,
              "duration": 309,
              "state": "failed",
              "speed": null,
              "pass": false,
              "fail": true,
              "pending": false,
              "context": null,
              "code": "cy.request({\n  method: 'GET',\n  url: '/api/unknown/23',\n  headers: {\n    'accept': 'application/json'\n  },\n  failOnStatusCode: false //fail on status code if we remove this option or set to true\n}).then(function ($response) {\n  expect($response.status).equal(404);\n});",
              "err": {
                "message": "CypressError: `cy.request()` must be provided a fully qualified `url` - one that begins with `http`. By default `cy.request()` will use either the current window's origin or the `baseUrl` in `cypress.json`. Neither of those values were present.\n\nhttps://on.cypress.io/request",
                "estack": "CypressError: `cy.request()` must be provided a fully qualified `url` - one that begins with `http`. By default `cy.request()` will use either the current window's origin or the `baseUrl` in `cypress.json`. Neither of those values were present.\n\nhttps://on.cypress.io/request\n    at Context.request (http://localhost:52856/__cypress/runner/cypress_runner.js:159552:19)\nFrom Your Spec Code:\n    at Context.eval (http://localhost:52856/__cypress/tests?p=cypress\\integration\\restAPI\\get_requests\\get_positive_negative_calls.js:191:8)",
                "diff": null
              },
              "uuid": "e905471c-ffbf-4f73-a7bc-ace2a81e1ac6",
              "parentUUID": "b91215ed-9b2d-4dcb-b8af-8660ce5ebe73",
              "isHook": false,
              "skipped": false
            }
          ],
          "suites": [],
          "passes": [
            "0a25e3a0-3711-4e8a-9f9b-abe296a7ac10"
          ],
          "failures": [
            "e905471c-ffbf-4f73-a7bc-ace2a81e1ac6"
          ],
          "pending": [],
          "skipped": [],
          "duration": 377,
          "root": false,
          "rootEmpty": false,
          "_timeout": 2000
        },
        {
          "uuid": "95fe9652-7fe6-4a51-96a3-bebd9a3cc2dd",
          "title": "Check delayed response",
          "fullFile": "",
          "file": "",
          "beforeHooks": [],
          "afterHooks": [],
          "tests": [
            {
              "title": "Delay Response",
              "fullTitle": "Check delayed response Delay Response",
              "timedOut": null,
              "duration": 3130,
              "state": "passed",
              "speed": "slow",
              "pass": true,
              "fail": false,
              "pending": false,
              "context": null,
              "code": "cy.request({\n  method: 'GET',\n  url: Cypress.env('reqres_url') + '/api/users?delay=3',\n  headers: {\n    'accept': 'application/json'\n  },\n  failOnStatusCode: false //fail on status code if we remove this option or set to true\n}).then(function ($response) {\n  expect($response.status).equal(200);\n});",
              "err": {},
              "uuid": "683d4863-55f8-4dc4-8cdb-6c96d08ed4b9",
              "parentUUID": "95fe9652-7fe6-4a51-96a3-bebd9a3cc2dd",
              "isHook": false,
              "skipped": false
            }
          ],
          "suites": [],
          "passes": [
            "683d4863-55f8-4dc4-8cdb-6c96d08ed4b9"
          ],
          "failures": [],
          "pending": [],
          "skipped": [],
          "duration": 3130,
          "root": false,
          "rootEmpty": false,
          "_timeout": 2000
        }
      ],
      "passes": [],
      "failures": [],
      "pending": [],
      "skipped": [],
      "duration": 0,
      "root": true,
      "rootEmpty": true,
      "_timeout": 2000
    }
  ],
  "meta": {
    "mocha": {
      "version": "7.0.1"
    },
    "mochawesome": {
      "options": {
        "quiet": false,
        "reportFilename": "mochawesome",
        "saveHtml": true,
        "saveJson": true,
        "consoleReporter": "spec",
        "useInlineDiffs": false,
        "code": true
      },
      "version": "6.2.1"
    },
    "marge": {
      "options": {
        "reportDir": "cypress/reports/mochawesome-report",
        "overwrite": false,
        "html": true,
        "json": true,
        "charts": true,
        "timestamp": "mmddyyyy_HHMMss"
      },
      "version": "5.1.0"
    }
  }
}