{
  "stats": {
    "suites": 3,
    "tests": 5,
    "passes": 5,
    "pending": 0,
    "failures": 0,
    "start": "2020-11-12T10:47:04.951Z",
    "end": "2020-11-12T10:47:05.437Z",
    "duration": 486,
    "testsRegistered": 5,
    "passPercent": 100,
    "pendingPercent": 0,
    "other": 0,
    "hasOther": false,
    "skipped": 0,
    "hasSkipped": false
  },
  "results": [
    {
      "uuid": "960c1864-9170-4586-b2bc-cb7c289331ba",
      "title": "",
      "fullFile": "cypress\\integration\\restAPI\\post_requests\\post_calls.js",
      "file": "cypress\\integration\\restAPI\\post_requests\\post_calls.js",
      "beforeHooks": [],
      "afterHooks": [],
      "tests": [],
      "suites": [
        {
          "uuid": "f42b7940-cb17-4e00-ab28-4c7cdf83d581",
          "title": "POST requests",
          "fullFile": "",
          "file": "",
          "beforeHooks": [],
          "afterHooks": [],
          "tests": [
            {
              "title": "Check post status",
              "fullTitle": "POST requests Check post status",
              "timedOut": null,
              "duration": 130,
              "state": "passed",
              "speed": "slow",
              "pass": true,
              "fail": false,
              "pending": false,
              "context": null,
              "code": "cy.get('@request').then(function ($response) {\n  expect($response.status).equal(201);\n  cy.log(JSON.stringify($response.body));\n  cy.log($response.body);\n});",
              "err": {},
              "uuid": "00051349-c32c-4b2e-8d53-56514c5cbe3f",
              "parentUUID": "f42b7940-cb17-4e00-ab28-4c7cdf83d581",
              "isHook": false,
              "skipped": false
            },
            {
              "title": "Check post response body",
              "fullTitle": "POST requests Check post response body",
              "timedOut": null,
              "duration": 85,
              "state": "passed",
              "speed": "slow",
              "pass": true,
              "fail": false,
              "pending": false,
              "context": null,
              "code": "cy.get('@request').its('body').then(function (expected) {\n  cy.log(JSON.stringify(expected));\n  cy.wrap(expected).should('include', {\n    \"name\": \"morpheus\"\n  });\n});",
              "err": {},
              "uuid": "b48666ec-1692-4a45-ad62-a7f2bfb6df48",
              "parentUUID": "f42b7940-cb17-4e00-ab28-4c7cdf83d581",
              "isHook": false,
              "skipped": false
            }
          ],
          "suites": [],
          "passes": [
            "00051349-c32c-4b2e-8d53-56514c5cbe3f",
            "b48666ec-1692-4a45-ad62-a7f2bfb6df48"
          ],
          "failures": [],
          "pending": [],
          "skipped": [],
          "duration": 215,
          "root": false,
          "rootEmpty": false,
          "_timeout": 2000
        },
        {
          "uuid": "bf70bf9f-8415-4f48-af2b-3cd6a364634d",
          "title": "REGISTER - SUCCESSFUL",
          "fullFile": "",
          "file": "",
          "beforeHooks": [],
          "afterHooks": [],
          "tests": [
            {
              "title": "Check Registration Successfull",
              "fullTitle": "REGISTER - SUCCESSFUL Check Registration Successfull",
              "timedOut": null,
              "duration": 70,
              "state": "passed",
              "speed": "medium",
              "pass": true,
              "fail": false,
              "pending": false,
              "context": null,
              "code": "cy.get('@request').then(function (response) {\n  expect(response.status).equal(200);\n  cy.log(JSON.stringify(response.body));\n});",
              "err": {},
              "uuid": "6b13a8ea-1e26-4374-bdcc-d784181c83dd",
              "parentUUID": "bf70bf9f-8415-4f48-af2b-3cd6a364634d",
              "isHook": false,
              "skipped": false
            },
            {
              "title": "Check response body",
              "fullTitle": "REGISTER - SUCCESSFUL Check response body",
              "timedOut": null,
              "duration": 74,
              "state": "passed",
              "speed": "medium",
              "pass": true,
              "fail": false,
              "pending": false,
              "context": null,
              "code": "var actual_resp;\ncy.fixture('post_reqres_response.json').then(function (actual) {\n  actual_resp = actual;\n});\ncy.get('@request').its('body').then(function (expected) {\n  expect(expected).to.deep.equal(actual_resp);\n});",
              "err": {},
              "uuid": "ede9691c-59cb-4adb-9843-88279c40c4fe",
              "parentUUID": "bf70bf9f-8415-4f48-af2b-3cd6a364634d",
              "isHook": false,
              "skipped": false
            }
          ],
          "suites": [],
          "passes": [
            "6b13a8ea-1e26-4374-bdcc-d784181c83dd",
            "ede9691c-59cb-4adb-9843-88279c40c4fe"
          ],
          "failures": [],
          "pending": [],
          "skipped": [],
          "duration": 144,
          "root": false,
          "rootEmpty": false,
          "_timeout": 2000
        },
        {
          "uuid": "173d9bb0-20ad-4850-b89d-e258ebbeb083",
          "title": "Missing required data from POST body checks",
          "fullFile": "",
          "file": "",
          "beforeHooks": [],
          "afterHooks": [],
          "tests": [
            {
              "title": "Missing required data Password filed from POST body checks",
              "fullTitle": "Missing required data from POST body checks Missing required data Password filed from POST body checks",
              "timedOut": null,
              "duration": 83,
              "state": "passed",
              "speed": "slow",
              "pass": true,
              "fail": false,
              "pending": false,
              "context": null,
              "code": "cy.request({\n  method: 'POST',\n  url: Cypress.env('reqres_url') + '/api/register',\n  body: {\n    \"email\": \"sydney@fife\"\n  },\n  failOnStatusCode: false\n}).as('request');\ncy.get('@request').then(function (response) {\n  expect(response.status).equal(400);\n  expect(response.body).to.deep.equals({\n    error: 'Missing password'\n  });\n});",
              "err": {},
              "uuid": "74d6377d-9f39-4c4f-9360-82d8405508f8",
              "parentUUID": "173d9bb0-20ad-4850-b89d-e258ebbeb083",
              "isHook": false,
              "skipped": false
            }
          ],
          "suites": [],
          "passes": [
            "74d6377d-9f39-4c4f-9360-82d8405508f8"
          ],
          "failures": [],
          "pending": [],
          "skipped": [],
          "duration": 83,
          "root": false,
          "rootEmpty": false,
          "_timeout": 2000
        }
      ],
      "passes": [],
      "failures": [],
      "pending": [],
      "skipped": [],
      "duration": 0,
      "root": true,
      "rootEmpty": true,
      "_timeout": 2000
    }
  ],
  "meta": {
    "mocha": {
      "version": "7.0.1"
    },
    "mochawesome": {
      "options": {
        "quiet": false,
        "reportFilename": "mochawesome",
        "saveHtml": true,
        "saveJson": true,
        "consoleReporter": "spec",
        "useInlineDiffs": false,
        "code": true
      },
      "version": "6.2.1"
    },
    "marge": {
      "options": {
        "reportDir": "cypress/reports/mochawesome-report",
        "overwrite": false,
        "html": true,
        "json": true,
        "charts": true,
        "timestamp": "mmddyyyy_HHMMss"
      },
      "version": "5.1.0"
    }
  }
}