{
  "stats": {
    "suites": 1,
    "tests": 3,
    "passes": 3,
    "pending": 0,
    "failures": 0,
    "start": "2020-11-12T10:32:58.556Z",
    "end": "2020-11-12T10:32:58.879Z",
    "duration": 323,
    "testsRegistered": 3,
    "passPercent": 100,
    "pendingPercent": 0,
    "other": 0,
    "hasOther": false,
    "skipped": 0,
    "hasSkipped": false
  },
  "results": [
    {
      "uuid": "b28fe919-aa83-4bda-8943-bc59e615003c",
      "title": "",
      "fullFile": "cypress\\integration\\restAPI\\put_requests\\put_calls.js",
      "file": "cypress\\integration\\restAPI\\put_requests\\put_calls.js",
      "beforeHooks": [],
      "afterHooks": [],
      "tests": [],
      "suites": [
        {
          "uuid": "2fd0519b-4616-4c6c-8450-41baeefc1dd7",
          "title": "Patch Update Calls",
          "fullFile": "",
          "file": "",
          "beforeHooks": [],
          "afterHooks": [],
          "tests": [
            {
              "title": "Check status",
              "fullTitle": "Patch Update Calls Check status",
              "timedOut": null,
              "duration": 124,
              "state": "passed",
              "speed": "slow",
              "pass": true,
              "fail": false,
              "pending": false,
              "context": null,
              "code": "cy.get('@request').then(function (response) {\n  cy.log(JSON.stringify(response));\n  cy.log(JSON.stringify(response.headers));\n  cy.log(JSON.stringify(response.body));\n  cy.log(JSON.stringify(response.body.name));\n  expect(response.status).equal(200);\n});",
              "err": {},
              "uuid": "f1ac7e93-078f-42d4-8452-bd0b4f96708d",
              "parentUUID": "2fd0519b-4616-4c6c-8450-41baeefc1dd7",
              "isHook": false,
              "skipped": false
            },
            {
              "title": "Check updated record using Should command",
              "fullTitle": "Patch Update Calls Check updated record using Should command",
              "timedOut": null,
              "duration": 78,
              "state": "passed",
              "speed": "slow",
              "pass": true,
              "fail": false,
              "pending": false,
              "context": null,
              "code": "cy.get('@request').its('body').should('include', {\n  \"name\": \"morpheus\",\n  \"job\": \"zion resident\"\n});",
              "err": {},
              "uuid": "499cedbe-4eed-45bc-b361-e482ff5a1ec6",
              "parentUUID": "2fd0519b-4616-4c6c-8450-41baeefc1dd7",
              "isHook": false,
              "skipped": false
            },
            {
              "title": "Check update record",
              "fullTitle": "Patch Update Calls Check update record",
              "timedOut": null,
              "duration": 79,
              "state": "passed",
              "speed": "slow",
              "pass": true,
              "fail": false,
              "pending": false,
              "context": null,
              "code": "cy.get('@request').its('body').then(function (response) {\n  expect(response).to.have.property('name', response.name);\n  expect(response).to.have.property('job', response.job);\n});",
              "err": {},
              "uuid": "148f5163-e803-45d3-9941-dbf4cea7a18b",
              "parentUUID": "2fd0519b-4616-4c6c-8450-41baeefc1dd7",
              "isHook": false,
              "skipped": false
            }
          ],
          "suites": [],
          "passes": [
            "f1ac7e93-078f-42d4-8452-bd0b4f96708d",
            "499cedbe-4eed-45bc-b361-e482ff5a1ec6",
            "148f5163-e803-45d3-9941-dbf4cea7a18b"
          ],
          "failures": [],
          "pending": [],
          "skipped": [],
          "duration": 281,
          "root": false,
          "rootEmpty": false,
          "_timeout": 2000
        }
      ],
      "passes": [],
      "failures": [],
      "pending": [],
      "skipped": [],
      "duration": 0,
      "root": true,
      "rootEmpty": true,
      "_timeout": 2000
    }
  ],
  "meta": {
    "mocha": {
      "version": "7.0.1"
    },
    "mochawesome": {
      "options": {
        "quiet": false,
        "reportFilename": "mochawesome",
        "saveHtml": true,
        "saveJson": true,
        "consoleReporter": "spec",
        "useInlineDiffs": false,
        "code": true
      },
      "version": "6.2.1"
    },
    "marge": {
      "options": {
        "reportDir": "cypress/reports/mochawesome-report",
        "overwrite": false,
        "html": true,
        "json": true,
        "charts": true,
        "timestamp": "mmddyyyy_HHMMss"
      },
      "version": "5.1.0"
    }
  }
}