{
  "stats": {
    "suites": 1,
    "tests": 1,
    "passes": 1,
    "pending": 0,
    "failures": 0,
    "start": "2020-11-12T10:32:03.070Z",
    "end": "2020-11-12T10:32:03.314Z",
    "duration": 244,
    "testsRegistered": 1,
    "passPercent": 100,
    "pendingPercent": 0,
    "other": 0,
    "hasOther": false,
    "skipped": 0,
    "hasSkipped": false
  },
  "results": [
    {
      "uuid": "795f6587-b15d-45aa-9c80-586a1b29c801",
      "title": "",
      "fullFile": "cypress\\integration\\restAPI\\delete_requests\\delete_calls.js",
      "file": "cypress\\integration\\restAPI\\delete_requests\\delete_calls.js",
      "beforeHooks": [],
      "afterHooks": [],
      "tests": [],
      "suites": [
        {
          "uuid": "cb8d78bc-894c-4457-a1b7-cf36a026c610",
          "title": "Delete Requests",
          "fullFile": "",
          "file": "",
          "beforeHooks": [],
          "afterHooks": [],
          "tests": [
            {
              "title": "Delete resource",
              "fullTitle": "Delete Requests Delete resource",
              "timedOut": null,
              "duration": 220,
              "state": "passed",
              "speed": "slow",
              "pass": true,
              "fail": false,
              "pending": false,
              "context": null,
              "code": "cy.request({\n  method: 'DELETE',\n  url: Cypress.env('reqres_url') + '/api/users/2'\n}).then(function (response) {\n  expect(response.status).equal(204);\n});",
              "err": {},
              "uuid": "67dd1df7-0291-4e11-a09b-7fc0e820eda1",
              "parentUUID": "cb8d78bc-894c-4457-a1b7-cf36a026c610",
              "isHook": false,
              "skipped": false
            }
          ],
          "suites": [],
          "passes": [
            "67dd1df7-0291-4e11-a09b-7fc0e820eda1"
          ],
          "failures": [],
          "pending": [],
          "skipped": [],
          "duration": 220,
          "root": false,
          "rootEmpty": false,
          "_timeout": 2000
        }
      ],
      "passes": [],
      "failures": [],
      "pending": [],
      "skipped": [],
      "duration": 0,
      "root": true,
      "rootEmpty": true,
      "_timeout": 2000
    }
  ],
  "meta": {
    "mocha": {
      "version": "7.0.1"
    },
    "mochawesome": {
      "options": {
        "quiet": false,
        "reportFilename": "mochawesome",
        "saveHtml": true,
        "saveJson": true,
        "consoleReporter": "spec",
        "useInlineDiffs": false,
        "code": true
      },
      "version": "6.2.1"
    },
    "marge": {
      "options": {
        "reportDir": "cypress/reports/mochawesome-report",
        "overwrite": false,
        "html": true,
        "json": true,
        "charts": true,
        "timestamp": "mmddyyyy_HHMMss"
      },
      "version": "5.1.0"
    }
  }
}