{
  "stats": {
    "suites": 3,
    "tests": 5,
    "passes": 5,
    "pending": 0,
    "failures": 0,
    "start": "2020-11-12T10:32:52.496Z",
    "end": "2020-11-12T10:32:52.948Z",
    "duration": 452,
    "testsRegistered": 5,
    "passPercent": 100,
    "pendingPercent": 0,
    "other": 0,
    "hasOther": false,
    "skipped": 0,
    "hasSkipped": false
  },
  "results": [
    {
      "uuid": "2b4cfb0e-c933-4f01-9a20-1831c8e5899c",
      "title": "",
      "fullFile": "cypress\\integration\\restAPI\\post_requests\\post_calls.js",
      "file": "cypress\\integration\\restAPI\\post_requests\\post_calls.js",
      "beforeHooks": [],
      "afterHooks": [],
      "tests": [],
      "suites": [
        {
          "uuid": "bbefe7fa-8acc-4b7c-8a54-2f620eb2b200",
          "title": "POST requests",
          "fullFile": "",
          "file": "",
          "beforeHooks": [],
          "afterHooks": [],
          "tests": [
            {
              "title": "Check post status",
              "fullTitle": "POST requests Check post status",
              "timedOut": null,
              "duration": 120,
              "state": "passed",
              "speed": "slow",
              "pass": true,
              "fail": false,
              "pending": false,
              "context": null,
              "code": "cy.get('@request').then(function ($response) {\n  expect($response.status).equal(201);\n  cy.log(JSON.stringify($response.body));\n  cy.log($response.body);\n});",
              "err": {},
              "uuid": "1a7b59ac-25ca-49fd-aee2-15a9fe0cc233",
              "parentUUID": "bbefe7fa-8acc-4b7c-8a54-2f620eb2b200",
              "isHook": false,
              "skipped": false
            },
            {
              "title": "Check post response body",
              "fullTitle": "POST requests Check post response body",
              "timedOut": null,
              "duration": 78,
              "state": "passed",
              "speed": "slow",
              "pass": true,
              "fail": false,
              "pending": false,
              "context": null,
              "code": "cy.get('@request').its('body').then(function (expected) {\n  cy.log(JSON.stringify(expected));\n  cy.wrap(expected).should('include', {\n    \"name\": \"morpheus\"\n  });\n});",
              "err": {},
              "uuid": "41476b93-5a0b-427b-99c8-dcb235a9d7ff",
              "parentUUID": "bbefe7fa-8acc-4b7c-8a54-2f620eb2b200",
              "isHook": false,
              "skipped": false
            }
          ],
          "suites": [],
          "passes": [
            "1a7b59ac-25ca-49fd-aee2-15a9fe0cc233",
            "41476b93-5a0b-427b-99c8-dcb235a9d7ff"
          ],
          "failures": [],
          "pending": [],
          "skipped": [],
          "duration": 198,
          "root": false,
          "rootEmpty": false,
          "_timeout": 2000
        },
        {
          "uuid": "23b25844-8ade-47cf-8ca4-9168e36b4083",
          "title": "REGISTER - SUCCESSFUL",
          "fullFile": "",
          "file": "",
          "beforeHooks": [],
          "afterHooks": [],
          "tests": [
            {
              "title": "Check Registration Successfull",
              "fullTitle": "REGISTER - SUCCESSFUL Check Registration Successfull",
              "timedOut": null,
              "duration": 75,
              "state": "passed",
              "speed": "medium",
              "pass": true,
              "fail": false,
              "pending": false,
              "context": null,
              "code": "cy.get('@request').then(function (response) {\n  expect(response.status).equal(200);\n  cy.log(JSON.stringify(response.body));\n});",
              "err": {},
              "uuid": "beaff377-69b6-4369-a30e-b560238e91f7",
              "parentUUID": "23b25844-8ade-47cf-8ca4-9168e36b4083",
              "isHook": false,
              "skipped": false
            },
            {
              "title": "Check response body",
              "fullTitle": "REGISTER - SUCCESSFUL Check response body",
              "timedOut": null,
              "duration": 68,
              "state": "passed",
              "speed": "medium",
              "pass": true,
              "fail": false,
              "pending": false,
              "context": null,
              "code": "var actual_resp;\ncy.fixture('post_reqres_response.json').then(function (actual) {\n  actual_resp = actual;\n});\ncy.get('@request').its('body').then(function (expected) {\n  expect(expected).to.deep.equal(actual_resp);\n});",
              "err": {},
              "uuid": "535838c1-f5b4-4bd0-a2c4-08a04e97461c",
              "parentUUID": "23b25844-8ade-47cf-8ca4-9168e36b4083",
              "isHook": false,
              "skipped": false
            }
          ],
          "suites": [],
          "passes": [
            "beaff377-69b6-4369-a30e-b560238e91f7",
            "535838c1-f5b4-4bd0-a2c4-08a04e97461c"
          ],
          "failures": [],
          "pending": [],
          "skipped": [],
          "duration": 143,
          "root": false,
          "rootEmpty": false,
          "_timeout": 2000
        },
        {
          "uuid": "9a313b67-c095-4d77-a838-6d95c3a0f00f",
          "title": "Missing required data from POST body checks",
          "fullFile": "",
          "file": "",
          "beforeHooks": [],
          "afterHooks": [],
          "tests": [
            {
              "title": "Missing required data Password filed from POST body checks",
              "fullTitle": "Missing required data from POST body checks Missing required data Password filed from POST body checks",
              "timedOut": null,
              "duration": 78,
              "state": "passed",
              "speed": "slow",
              "pass": true,
              "fail": false,
              "pending": false,
              "context": null,
              "code": "cy.request({\n  method: 'POST',\n  url: Cypress.env('reqres_url') + '/api/register',\n  body: {\n    \"email\": \"sydney@fife\"\n  },\n  failOnStatusCode: false\n}).as('request');\ncy.get('@request').then(function (response) {\n  expect(response.status).equal(400);\n  expect(response.body).to.deep.equals({\n    error: 'Missing password'\n  });\n});",
              "err": {},
              "uuid": "30e0b140-6701-4406-910b-368e1dc98401",
              "parentUUID": "9a313b67-c095-4d77-a838-6d95c3a0f00f",
              "isHook": false,
              "skipped": false
            }
          ],
          "suites": [],
          "passes": [
            "30e0b140-6701-4406-910b-368e1dc98401"
          ],
          "failures": [],
          "pending": [],
          "skipped": [],
          "duration": 78,
          "root": false,
          "rootEmpty": false,
          "_timeout": 2000
        }
      ],
      "passes": [],
      "failures": [],
      "pending": [],
      "skipped": [],
      "duration": 0,
      "root": true,
      "rootEmpty": true,
      "_timeout": 2000
    }
  ],
  "meta": {
    "mocha": {
      "version": "7.0.1"
    },
    "mochawesome": {
      "options": {
        "quiet": false,
        "reportFilename": "mochawesome",
        "saveHtml": true,
        "saveJson": true,
        "consoleReporter": "spec",
        "useInlineDiffs": false,
        "code": true
      },
      "version": "6.2.1"
    },
    "marge": {
      "options": {
        "reportDir": "cypress/reports/mochawesome-report",
        "overwrite": false,
        "html": true,
        "json": true,
        "charts": true,
        "timestamp": "mmddyyyy_HHMMss"
      },
      "version": "5.1.0"
    }
  }
}