{
  "stats": {
    "suites": 1,
    "tests": 3,
    "passes": 3,
    "pending": 0,
    "failures": 0,
    "start": "2020-11-12T10:47:11.281Z",
    "end": "2020-11-12T10:47:11.573Z",
    "duration": 292,
    "testsRegistered": 3,
    "passPercent": 100,
    "pendingPercent": 0,
    "other": 0,
    "hasOther": false,
    "skipped": 0,
    "hasSkipped": false
  },
  "results": [
    {
      "uuid": "c0c2beda-ba83-478b-b9e3-ce874ba7c6a2",
      "title": "",
      "fullFile": "cypress\\integration\\restAPI\\put_requests\\put_calls.js",
      "file": "cypress\\integration\\restAPI\\put_requests\\put_calls.js",
      "beforeHooks": [],
      "afterHooks": [],
      "tests": [],
      "suites": [
        {
          "uuid": "83eff80e-e4e2-434e-99ae-4a99a7d80972",
          "title": "Patch Update Calls",
          "fullFile": "",
          "file": "",
          "beforeHooks": [],
          "afterHooks": [],
          "tests": [
            {
              "title": "Check status",
              "fullTitle": "Patch Update Calls Check status",
              "timedOut": null,
              "duration": 107,
              "state": "passed",
              "speed": "slow",
              "pass": true,
              "fail": false,
              "pending": false,
              "context": null,
              "code": "cy.get('@request').then(function (response) {\n  cy.log(JSON.stringify(response));\n  cy.log(JSON.stringify(response.headers));\n  cy.log(JSON.stringify(response.body));\n  cy.log(JSON.stringify(response.body.name));\n  expect(response.status).equal(200);\n});",
              "err": {},
              "uuid": "e260009c-f4ff-4e59-b329-13bc58950f1f",
              "parentUUID": "83eff80e-e4e2-434e-99ae-4a99a7d80972",
              "isHook": false,
              "skipped": false
            },
            {
              "title": "Check updated record using Should command",
              "fullTitle": "Patch Update Calls Check updated record using Should command",
              "timedOut": null,
              "duration": 79,
              "state": "passed",
              "speed": "slow",
              "pass": true,
              "fail": false,
              "pending": false,
              "context": null,
              "code": "cy.get('@request').its('body').should('include', {\n  \"name\": \"morpheus\",\n  \"job\": \"zion resident\"\n});",
              "err": {},
              "uuid": "b1d4f6c5-7f10-4207-8365-49c7b8919ad4",
              "parentUUID": "83eff80e-e4e2-434e-99ae-4a99a7d80972",
              "isHook": false,
              "skipped": false
            },
            {
              "title": "Check update record",
              "fullTitle": "Patch Update Calls Check update record",
              "timedOut": null,
              "duration": 70,
              "state": "passed",
              "speed": "medium",
              "pass": true,
              "fail": false,
              "pending": false,
              "context": null,
              "code": "cy.get('@request').its('body').then(function (response) {\n  expect(response).to.have.property('name', response.name);\n  expect(response).to.have.property('job', response.job);\n});",
              "err": {},
              "uuid": "49935fdd-369a-45a1-ba19-1429f0f3aeab",
              "parentUUID": "83eff80e-e4e2-434e-99ae-4a99a7d80972",
              "isHook": false,
              "skipped": false
            }
          ],
          "suites": [],
          "passes": [
            "e260009c-f4ff-4e59-b329-13bc58950f1f",
            "b1d4f6c5-7f10-4207-8365-49c7b8919ad4",
            "49935fdd-369a-45a1-ba19-1429f0f3aeab"
          ],
          "failures": [],
          "pending": [],
          "skipped": [],
          "duration": 256,
          "root": false,
          "rootEmpty": false,
          "_timeout": 2000
        }
      ],
      "passes": [],
      "failures": [],
      "pending": [],
      "skipped": [],
      "duration": 0,
      "root": true,
      "rootEmpty": true,
      "_timeout": 2000
    }
  ],
  "meta": {
    "mocha": {
      "version": "7.0.1"
    },
    "mochawesome": {
      "options": {
        "quiet": false,
        "reportFilename": "mochawesome",
        "saveHtml": true,
        "saveJson": true,
        "consoleReporter": "spec",
        "useInlineDiffs": false,
        "code": true
      },
      "version": "6.2.1"
    },
    "marge": {
      "options": {
        "reportDir": "cypress/reports/mochawesome-report",
        "overwrite": false,
        "html": true,
        "json": true,
        "charts": true,
        "timestamp": "mmddyyyy_HHMMss"
      },
      "version": "5.1.0"
    }
  }
}