{
  "stats": {
    "suites": 1,
    "tests": 8,
    "passes": 8,
    "pending": 0,
    "failures": 0,
    "start": "2020-11-12T10:32:34.085Z",
    "end": "2020-11-12T10:32:39.891Z",
    "duration": 5806,
    "testsRegistered": 8,
    "passPercent": 100,
    "pendingPercent": 0,
    "other": 0,
    "hasOther": false,
    "skipped": 0,
    "hasSkipped": false
  },
  "results": [
    {
      "uuid": "41b6312a-a532-4f89-9990-ca08e144d88b",
      "title": "",
      "fullFile": "cypress\\integration\\restAPI\\github_e2e_tests\\github_e2e_tests.js",
      "file": "cypress\\integration\\restAPI\\github_e2e_tests\\github_e2e_tests.js",
      "beforeHooks": [],
      "afterHooks": [],
      "tests": [],
      "suites": [
        {
          "uuid": "5ad71d97-17a5-49fa-b59d-10f3fa1d7ee4",
          "title": "GitHub E2E Test Workflow",
          "fullFile": "",
          "file": "",
          "beforeHooks": [],
          "afterHooks": [],
          "tests": [
            {
              "title": "Create new repository",
              "fullTitle": "GitHub E2E Test Workflow Create new repository",
              "timedOut": null,
              "duration": 1822,
              "state": "passed",
              "speed": "slow",
              "pass": true,
              "fail": false,
              "pending": false,
              "context": null,
              "code": "cy.request({\n  method: 'POST',\n  url: Cypress.env('github_url') + '/user/repos',\n  auth: {\n    bearer: Cypress.env('github_bearer_token')\n  },\n  headers: {\n    'Content-type': 'application/json'\n  },\n  body: {\n    \"name\": new_repo_name,\n    \"description\": \"This is your first repository\",\n    \"homepage\": \"https://github.com\",\n    \"private\": false,\n    \"has_issues\": true,\n    \"has_projects\": true,\n    \"has_wiki\": true\n  }\n}).then(function (response) {\n  expect(response.status).equal(201);\n});",
              "err": {},
              "uuid": "7d1fce1b-9382-4e41-8cfe-8dfddee8f7f5",
              "parentUUID": "5ad71d97-17a5-49fa-b59d-10f3fa1d7ee4",
              "isHook": false,
              "skipped": false
            },
            {
              "title": "Check created repository",
              "fullTitle": "GitHub E2E Test Workflow Check created repository",
              "timedOut": null,
              "duration": 266,
              "state": "passed",
              "speed": "slow",
              "pass": true,
              "fail": false,
              "pending": false,
              "context": null,
              "code": "cy.request({\n  method: 'GET',\n  url: Cypress.env('github_url') + '/repos/praveenreddynarala/' + new_repo_name,\n  auth: {\n    bearer: Cypress.env('github_bearer_token')\n  },\n  headers: {\n    'Content-type': 'application/json'\n  }\n}).then(function (response) {\n  if (response.status === 200) {\n    cy.wrap(response).its('body').should('include', {\n      \"name\": new_repo_name\n    });\n  } else {\n    cy.log('No repository exists!' + response.status);\n  }\n});",
              "err": {},
              "uuid": "7eedf20b-cc15-4081-8a7d-c304c84128bd",
              "parentUUID": "5ad71d97-17a5-49fa-b59d-10f3fa1d7ee4",
              "isHook": false,
              "skipped": false
            },
            {
              "title": "Get content of new repository",
              "fullTitle": "GitHub E2E Test Workflow Get content of new repository",
              "timedOut": null,
              "duration": 177,
              "state": "passed",
              "speed": "slow",
              "pass": true,
              "fail": false,
              "pending": false,
              "context": null,
              "code": "cy.request({\n  method: 'GET',\n  url: Cypress.env('github_url') + '/repos/praveenreddynarala/' + new_repo_name + '/contents',\n  auth: {\n    bearer: Cypress.env('github_bearer_token')\n  },\n  headers: {\n    'Content-type': 'application/json'\n  },\n  failOnStatusCode: false\n}).then(function (response) {\n  if (response.status === 404) {\n    cy.wrap(response).its('body').should('include', {\n      \"message\": \"This repository is empty.\"\n    });\n  } else {\n    cy.log('Failed to verify api request' + response.status);\n  }\n});",
              "err": {},
              "uuid": "dd909d5f-ae2a-4ae9-8b03-e3e42a7a1497",
              "parentUUID": "5ad71d97-17a5-49fa-b59d-10f3fa1d7ee4",
              "isHook": false,
              "skipped": false
            },
            {
              "title": "Create a file in repository",
              "fullTitle": "GitHub E2E Test Workflow Create a file in repository",
              "timedOut": null,
              "duration": 816,
              "state": "passed",
              "speed": "slow",
              "pass": true,
              "fail": false,
              "pending": false,
              "context": null,
              "code": "cy.request({\n  method: 'PUT',\n  url: Cypress.env('github_url') + '/repos/praveenreddynarala/' + new_repo_name + '/contents/README.md',\n  auth: {\n    bearer: Cypress.env('github_bearer_token')\n  },\n  body: {\n    \"message\": \"my first commit message\",\n    \"committer\": {\n      \"name\": \"Praveen Reddy Narala\",\n      \"email\": \"praveenreddy.narala@gmail.com\"\n    },\n    \"content\": \"SGVsbG8sIFdvcmxk\"\n  }\n}).then(function (response) {\n  if (response.status == 201) {\n    cy.wrap(response).its('body.content').should('include', {\n      \"name\": \"README.md\"\n    });\n    cy.wrap(response).its('body.commit.author').should('include', {\n      \"name\": \"Praveen Reddy Narala\"\n    });\n    cy.wrap(response).its('body.commit').should('include', {\n      \"message\": \"my first commit message\"\n    });\n    cy.wrap(response).its('body.content.sha').then(function (sha) {\n      sha_code = sha;\n    });\n  }\n});",
              "err": {},
              "uuid": "149999e0-7e38-4b22-98eb-94e6f041fc4e",
              "parentUUID": "5ad71d97-17a5-49fa-b59d-10f3fa1d7ee4",
              "isHook": false,
              "skipped": false
            },
            {
              "title": "Write content to READ.md file",
              "fullTitle": "GitHub E2E Test Workflow Write content to READ.md file",
              "timedOut": null,
              "duration": 788,
              "state": "passed",
              "speed": "slow",
              "pass": true,
              "fail": false,
              "pending": false,
              "context": null,
              "code": "cy.request({\n  method: 'PUT',\n  url: Cypress.env('github_url') + '/repos/praveenreddynarala/' + new_repo_name + '/contents/README.md',\n  auth: {\n    bearer: Cypress.env('github_bearer_token')\n  },\n  body: {\n    \"message\": \"my commit message\",\n    \"committer\": {\n      \"name\": \"Monalisa Octocat\",\n      \"email\": \"octocat@github.com\"\n    },\n    \"content\": \"SGVsbG8gUG9zdG1hbi4gSG93IGRvIHlvdSBkbz8=\",\n    \"sha\": sha_code\n  }\n}).then(function (response) {\n  expect(response.status).equal(200);\n  cy.wrap(response).its('body.content.sha').then(function (sha) {\n    sha_code = sha;\n  });\n});",
              "err": {},
              "uuid": "b90df3fc-ff5b-4956-9422-94bb39611590",
              "parentUUID": "5ad71d97-17a5-49fa-b59d-10f3fa1d7ee4",
              "isHook": false,
              "skipped": false
            },
            {
              "title": "Delete READ.md file",
              "fullTitle": "GitHub E2E Test Workflow Delete READ.md file",
              "timedOut": null,
              "duration": 796,
              "state": "passed",
              "speed": "slow",
              "pass": true,
              "fail": false,
              "pending": false,
              "context": null,
              "code": "cy.request({\n  method: 'DELETE',\n  url: Cypress.env('github_url') + '/repos/praveenreddynarala/' + new_repo_name + '/contents/README.md',\n  auth: {\n    bearer: Cypress.env('github_bearer_token')\n  },\n  body: {\n    \"message\": \"delete file\",\n    \"committer\": {\n      \"name\": \"Praveen Reddy Narala\",\n      \"email\": \"praveenreddy.narala@gmail.com\"\n    },\n    \"sha\": sha_code\n  }\n}).then(function (response) {\n  expect(response.status).equal(200);\n  expect(response.body.content).to.be[\"null\"];\n});",
              "err": {},
              "uuid": "dd511c37-987b-4830-8bee-802abac46c9a",
              "parentUUID": "5ad71d97-17a5-49fa-b59d-10f3fa1d7ee4",
              "isHook": false,
              "skipped": false
            },
            {
              "title": "Make repository to private",
              "fullTitle": "GitHub E2E Test Workflow Make repository to private",
              "timedOut": null,
              "duration": 572,
              "state": "passed",
              "speed": "slow",
              "pass": true,
              "fail": false,
              "pending": false,
              "context": null,
              "code": "cy.request({\n  method: 'PATCH',\n  url: Cypress.env('github_url') + '/repos/praveenreddynarala/' + new_repo_name,\n  auth: {\n    bearer: Cypress.env('github_bearer_token')\n  },\n  body: {\n    \"name\": \"Hello-World\",\n    \"description\": \"This is your first repository\",\n    \"homepage\": \"https://github.com\",\n    \"private\": true,\n    \"has_issues\": true,\n    \"has_projects\": true,\n    \"has_wiki\": true\n  }\n}).then(function (response) {\n  expect(response.status).equal(200);\n  expect(response.body[\"private\"]).to.be[\"true\"];\n});",
              "err": {},
              "uuid": "fe3c586f-61ad-43c0-86db-e2202919f683",
              "parentUUID": "5ad71d97-17a5-49fa-b59d-10f3fa1d7ee4",
              "isHook": false,
              "skipped": false
            },
            {
              "title": "Delete repository",
              "fullTitle": "GitHub E2E Test Workflow Delete repository",
              "timedOut": null,
              "duration": 511,
              "state": "passed",
              "speed": "slow",
              "pass": true,
              "fail": false,
              "pending": false,
              "context": null,
              "code": "cy.request({\n  method: 'DELETE',\n  url: Cypress.env('github_url') + '/repos/praveenreddynarala/' + new_repo_name,\n  auth: {\n    user: Cypress.env('auth_username'),\n    password: Cypress.env('auth_password')\n  }\n}).then(function (response) {\n  expect(response.status).equal(204);\n});",
              "err": {},
              "uuid": "7d60b5e0-5125-4490-8aec-16aec5215986",
              "parentUUID": "5ad71d97-17a5-49fa-b59d-10f3fa1d7ee4",
              "isHook": false,
              "skipped": false
            }
          ],
          "suites": [],
          "passes": [
            "7d1fce1b-9382-4e41-8cfe-8dfddee8f7f5",
            "7eedf20b-cc15-4081-8a7d-c304c84128bd",
            "dd909d5f-ae2a-4ae9-8b03-e3e42a7a1497",
            "149999e0-7e38-4b22-98eb-94e6f041fc4e",
            "b90df3fc-ff5b-4956-9422-94bb39611590",
            "dd511c37-987b-4830-8bee-802abac46c9a",
            "fe3c586f-61ad-43c0-86db-e2202919f683",
            "7d60b5e0-5125-4490-8aec-16aec5215986"
          ],
          "failures": [],
          "pending": [],
          "skipped": [],
          "duration": 5748,
          "root": false,
          "rootEmpty": false,
          "_timeout": 2000
        }
      ],
      "passes": [],
      "failures": [],
      "pending": [],
      "skipped": [],
      "duration": 0,
      "root": true,
      "rootEmpty": true,
      "_timeout": 2000
    }
  ],
  "meta": {
    "mocha": {
      "version": "7.0.1"
    },
    "mochawesome": {
      "options": {
        "quiet": false,
        "reportFilename": "mochawesome",
        "saveHtml": true,
        "saveJson": true,
        "consoleReporter": "spec",
        "useInlineDiffs": false,
        "code": true
      },
      "version": "6.2.1"
    },
    "marge": {
      "options": {
        "reportDir": "cypress/reports/mochawesome-report",
        "overwrite": false,
        "html": true,
        "json": true,
        "charts": true,
        "timestamp": "mmddyyyy_HHMMss"
      },
      "version": "5.1.0"
    }
  }
}