{
  "stats": {
    "suites": 2,
    "tests": 5,
    "passes": 1,
    "pending": 0,
    "failures": 4,
    "start": "2020-11-12T10:42:37.519Z",
    "end": "2020-11-12T10:44:39.015Z",
    "duration": 121496,
    "testsRegistered": 5,
    "passPercent": 20,
    "pendingPercent": 0,
    "other": 0,
    "hasOther": false,
    "skipped": 0,
    "hasSkipped": false
  },
  "results": [
    {
      "uuid": "0470cd68-babd-4c81-8470-7b318c774402",
      "title": "",
      "fullFile": "cypress\\integration\\mockAPI_examples\\mock_get_calls.js",
      "file": "cypress\\integration\\mockAPI_examples\\mock_get_calls.js",
      "beforeHooks": [],
      "afterHooks": [],
      "tests": [],
      "suites": [
        {
          "uuid": "c0ed5428-121c-42a9-9f62-3f768fa719e5",
          "title": "Testing mock API",
          "fullFile": "",
          "file": "",
          "beforeHooks": [],
          "afterHooks": [],
          "tests": [
            {
              "title": "Check status code",
              "fullTitle": "Testing mock API Check status code",
              "timedOut": null,
              "duration": 77,
              "state": "passed",
              "speed": "slow",
              "pass": true,
              "fail": false,
              "pending": false,
              "context": null,
              "code": "cy.get('@request').then(function (response) {\n  expect(response.status).equal(200);\n  cy.log(JSON.stringify(response.headers));\n});",
              "err": {},
              "uuid": "65fb115d-9f11-4f75-beb9-2a7f38ff13a2",
              "parentUUID": "c0ed5428-121c-42a9-9f62-3f768fa719e5",
              "isHook": false,
              "skipped": false
            },
            {
              "title": "Get all users",
              "fullTitle": "Testing mock API Get all users",
              "timedOut": null,
              "duration": 30341,
              "state": "failed",
              "speed": null,
              "pass": false,
              "fail": true,
              "pending": false,
              "context": null,
              "code": "cy.get('@request').its('body').then(function (response) {\n  cy.log(JSON.stringify(response[1]));\n  expect(response[1]).deep.equal({\n    \"id\": 2,\n    \"name\": \"Chris\",\n    \"surname\": \"B.\"\n  });\n});",
              "err": {
                "message": "CypressError: `cy.request()` timed out waiting `30000ms` for a response from your server.\n\nThe request we sent was:\n\nMethod: GET\nURL: http://localhost:3000/users\n\nNo response was received within the timeout.\n\nhttps://on.cypress.io/request\n\nBecause this error occurred during a `before each` hook we are skipping the remaining tests in the current suite: `Testing mock API`",
                "estack": "CypressError: `cy.request()` timed out waiting `30000ms` for a response from your server.\n\nThe request we sent was:\n\nMethod: GET\nURL: http://localhost:3000/users\n\nNo response was received within the timeout.\n\nhttps://on.cypress.io/request\n\nBecause this error occurred during a `before each` hook we are skipping the remaining tests in the current suite: `Testing mock API`\n    at http://localhost:52856/__cypress/runner/cypress_runner.js:159709:19\n    at tryCatcher (http://localhost:52856/__cypress/runner/cypress_runner.js:10325:23)\n    at http://localhost:52856/__cypress/runner/cypress_runner.js:5447:41\n    at tryCatcher (http://localhost:52856/__cypress/runner/cypress_runner.js:10325:23)\n    at Promise._settlePromiseFromHandler (http://localhost:52856/__cypress/runner/cypress_runner.js:8260:31)\n    at Promise._settlePromise (http://localhost:52856/__cypress/runner/cypress_runner.js:8317:18)\n    at Promise._settlePromise0 (http://localhost:52856/__cypress/runner/cypress_runner.js:8362:10)\n    at Promise._settlePromises (http://localhost:52856/__cypress/runner/cypress_runner.js:8438:18)\n    at _drainQueueStep (http://localhost:52856/__cypress/runner/cypress_runner.js:5032:12)\n    at _drainQueue (http://localhost:52856/__cypress/runner/cypress_runner.js:5025:9)\n    at Async.../../node_modules/bluebird/js/release/async.js.Async._drainQueues (http://localhost:52856/__cypress/runner/cypress_runner.js:5041:5)\n    at Async.drainQueues (http://localhost:52856/__cypress/runner/cypress_runner.js:4911:14)\nFrom Your Spec Code:\n    at Context.eval (http://localhost:52856/__cypress/tests?p=cypress\\integration\\mockAPI_examples\\mock_get_calls.js:102:8)",
                "diff": null
              },
              "uuid": "85e84ea2-7ecd-481f-8372-ccebc14cc972",
              "parentUUID": "c0ed5428-121c-42a9-9f62-3f768fa719e5",
              "isHook": false,
              "skipped": false
            }
          ],
          "suites": [],
          "passes": [
            "65fb115d-9f11-4f75-beb9-2a7f38ff13a2"
          ],
          "failures": [
            "85e84ea2-7ecd-481f-8372-ccebc14cc972"
          ],
          "pending": [],
          "skipped": [],
          "duration": 30418,
          "root": false,
          "rootEmpty": false,
          "_timeout": 2000
        },
        {
          "uuid": "389e7f82-392e-44c8-96db-abb4710c3ff1",
          "title": "Test Query parameters",
          "fullFile": "",
          "file": "",
          "beforeHooks": [],
          "afterHooks": [],
          "tests": [
            {
              "title": "Get user details based on ID",
              "fullTitle": "Test Query parameters Get user details based on ID",
              "timedOut": null,
              "duration": 30312,
              "state": "failed",
              "speed": null,
              "pass": false,
              "fail": true,
              "pending": false,
              "context": null,
              "code": "cy.request({\n  method: 'GET',\n  url: Cypress.env('mock_url') + '/users/1',\n  headers: {\n    'Content-type': 'application/json'\n  }\n}).as('request');\ncy.get('@request').its('status').should('equal', 200);\ncy.get('@request').its('body').then(function (response) {\n  cy.log(JSON.stringify(response));\n  expect(response).deep.equal({\n    \"id\": 1,\n    \"name\": \"Jonas\",\n    \"surname\": \"T.\"\n  });\n});",
              "err": {
                "message": "CypressError: `cy.request()` timed out waiting `30000ms` for a response from your server.\n\nThe request we sent was:\n\nMethod: GET\nURL: http://localhost:3000/users/1\n\nNo response was received within the timeout.\n\nhttps://on.cypress.io/request",
                "estack": "CypressError: `cy.request()` timed out waiting `30000ms` for a response from your server.\n\nThe request we sent was:\n\nMethod: GET\nURL: http://localhost:3000/users/1\n\nNo response was received within the timeout.\n\nhttps://on.cypress.io/request\n    at http://localhost:52856/__cypress/runner/cypress_runner.js:159709:19\n    at tryCatcher (http://localhost:52856/__cypress/runner/cypress_runner.js:10325:23)\n    at http://localhost:52856/__cypress/runner/cypress_runner.js:5447:41\n    at tryCatcher (http://localhost:52856/__cypress/runner/cypress_runner.js:10325:23)\n    at Promise._settlePromiseFromHandler (http://localhost:52856/__cypress/runner/cypress_runner.js:8260:31)\n    at Promise._settlePromise (http://localhost:52856/__cypress/runner/cypress_runner.js:8317:18)\n    at Promise._settlePromise0 (http://localhost:52856/__cypress/runner/cypress_runner.js:8362:10)\n    at Promise._settlePromises (http://localhost:52856/__cypress/runner/cypress_runner.js:8438:18)\n    at _drainQueueStep (http://localhost:52856/__cypress/runner/cypress_runner.js:5032:12)\n    at _drainQueue (http://localhost:52856/__cypress/runner/cypress_runner.js:5025:9)\n    at Async.../../node_modules/bluebird/js/release/async.js.Async._drainQueues (http://localhost:52856/__cypress/runner/cypress_runner.js:5041:5)\n    at Async.drainQueues (http://localhost:52856/__cypress/runner/cypress_runner.js:4911:14)\nFrom Your Spec Code:\n    at Context.eval (http://localhost:52856/__cypress/tests?p=cypress\\integration\\mockAPI_examples\\mock_get_calls.js:128:8)",
                "diff": null
              },
              "uuid": "c4baddf4-efc1-497c-b108-968bb9583369",
              "parentUUID": "389e7f82-392e-44c8-96db-abb4710c3ff1",
              "isHook": false,
              "skipped": false
            },
            {
              "title": "Get user using mached characters of name field/Text search",
              "fullTitle": "Test Query parameters Get user using mached characters of name field/Text search",
              "timedOut": null,
              "duration": 30329,
              "state": "failed",
              "speed": null,
              "pass": false,
              "fail": true,
              "pending": false,
              "context": null,
              "code": "cy.request({\n  method: 'GET',\n  url: Cypress.env('mock_url') + '/users?q=J',\n  headers: {\n    'Content-type': 'application/json'\n  }\n}).as('request');\ncy.get('@request').its('body').then(function (response) {\n  response.forEach(function (element) {\n    expect(element.name).to.be.contains('J');\n  });\n});",
              "err": {
                "message": "CypressError: `cy.request()` timed out waiting `30000ms` for a response from your server.\n\nThe request we sent was:\n\nMethod: GET\nURL: http://localhost:3000/users?q=J\n\nNo response was received within the timeout.\n\nhttps://on.cypress.io/request",
                "estack": "CypressError: `cy.request()` timed out waiting `30000ms` for a response from your server.\n\nThe request we sent was:\n\nMethod: GET\nURL: http://localhost:3000/users?q=J\n\nNo response was received within the timeout.\n\nhttps://on.cypress.io/request\n    at http://localhost:52856/__cypress/runner/cypress_runner.js:159709:19\n    at tryCatcher (http://localhost:52856/__cypress/runner/cypress_runner.js:10325:23)\n    at http://localhost:52856/__cypress/runner/cypress_runner.js:5447:41\n    at tryCatcher (http://localhost:52856/__cypress/runner/cypress_runner.js:10325:23)\n    at Promise._settlePromiseFromHandler (http://localhost:52856/__cypress/runner/cypress_runner.js:8260:31)\n    at Promise._settlePromise (http://localhost:52856/__cypress/runner/cypress_runner.js:8317:18)\n    at Promise._settlePromise0 (http://localhost:52856/__cypress/runner/cypress_runner.js:8362:10)\n    at Promise._settlePromises (http://localhost:52856/__cypress/runner/cypress_runner.js:8438:18)\n    at _drainQueueStep (http://localhost:52856/__cypress/runner/cypress_runner.js:5032:12)\n    at _drainQueue (http://localhost:52856/__cypress/runner/cypress_runner.js:5025:9)\n    at Async.../../node_modules/bluebird/js/release/async.js.Async._drainQueues (http://localhost:52856/__cypress/runner/cypress_runner.js:5041:5)\n    at Async.drainQueues (http://localhost:52856/__cypress/runner/cypress_runner.js:4911:14)\nFrom Your Spec Code:\n    at Context.eval (http://localhost:52856/__cypress/tests?p=cypress\\integration\\mockAPI_examples\\mock_get_calls.js:146:8)",
                "diff": null
              },
              "uuid": "16123f90-2226-437e-a1fb-17d44cceed03",
              "parentUUID": "389e7f82-392e-44c8-96db-abb4710c3ff1",
              "isHook": false,
              "skipped": false
            },
            {
              "title": "Get user using pagination and limit",
              "fullTitle": "Test Query parameters Get user using pagination and limit",
              "timedOut": null,
              "duration": 30316,
              "state": "failed",
              "speed": null,
              "pass": false,
              "fail": true,
              "pending": false,
              "context": null,
              "code": "cy.request({\n  method: 'GET',\n  url: Cypress.env('mock_url') + '/users?_page=1&_limit=1',\n  headers: {\n    'Content-type': 'application/json'\n  }\n}).as('request');\ncy.get('@request').its('body').then(function (response) {\n  expect(response.length).to.be.equal(1);\n});",
              "err": {
                "message": "CypressError: `cy.request()` timed out waiting `30000ms` for a response from your server.\n\nThe request we sent was:\n\nMethod: GET\nURL: http://localhost:3000/users?_page=1&_limit=1\n\nNo response was received within the timeout.\n\nhttps://on.cypress.io/request",
                "estack": "CypressError: `cy.request()` timed out waiting `30000ms` for a response from your server.\n\nThe request we sent was:\n\nMethod: GET\nURL: http://localhost:3000/users?_page=1&_limit=1\n\nNo response was received within the timeout.\n\nhttps://on.cypress.io/request\n    at http://localhost:52856/__cypress/runner/cypress_runner.js:159709:19\n    at tryCatcher (http://localhost:52856/__cypress/runner/cypress_runner.js:10325:23)\n    at http://localhost:52856/__cypress/runner/cypress_runner.js:5447:41\n    at tryCatcher (http://localhost:52856/__cypress/runner/cypress_runner.js:10325:23)\n    at Promise._settlePromiseFromHandler (http://localhost:52856/__cypress/runner/cypress_runner.js:8260:31)\n    at Promise._settlePromise (http://localhost:52856/__cypress/runner/cypress_runner.js:8317:18)\n    at Promise._settlePromise0 (http://localhost:52856/__cypress/runner/cypress_runner.js:8362:10)\n    at Promise._settlePromises (http://localhost:52856/__cypress/runner/cypress_runner.js:8438:18)\n    at _drainQueueStep (http://localhost:52856/__cypress/runner/cypress_runner.js:5032:12)\n    at _drainQueue (http://localhost:52856/__cypress/runner/cypress_runner.js:5025:9)\n    at Async.../../node_modules/bluebird/js/release/async.js.Async._drainQueues (http://localhost:52856/__cypress/runner/cypress_runner.js:5041:5)\n    at Async.drainQueues (http://localhost:52856/__cypress/runner/cypress_runner.js:4911:14)\nFrom Your Spec Code:\n    at Context.eval (http://localhost:52856/__cypress/tests?p=cypress\\integration\\mockAPI_examples\\mock_get_calls.js:160:8)",
                "diff": null
              },
              "uuid": "f353a788-5764-45ab-921b-6ea1db9714eb",
              "parentUUID": "389e7f82-392e-44c8-96db-abb4710c3ff1",
              "isHook": false,
              "skipped": false
            }
          ],
          "suites": [],
          "passes": [],
          "failures": [
            "c4baddf4-efc1-497c-b108-968bb9583369",
            "16123f90-2226-437e-a1fb-17d44cceed03",
            "f353a788-5764-45ab-921b-6ea1db9714eb"
          ],
          "pending": [],
          "skipped": [],
          "duration": 90957,
          "root": false,
          "rootEmpty": false,
          "_timeout": 2000
        }
      ],
      "passes": [],
      "failures": [],
      "pending": [],
      "skipped": [],
      "duration": 0,
      "root": true,
      "rootEmpty": true,
      "_timeout": 2000
    }
  ],
  "meta": {
    "mocha": {
      "version": "7.0.1"
    },
    "mochawesome": {
      "options": {
        "quiet": false,
        "reportFilename": "mochawesome",
        "saveHtml": true,
        "saveJson": true,
        "consoleReporter": "spec",
        "useInlineDiffs": false,
        "code": true
      },
      "version": "6.2.1"
    },
    "marge": {
      "options": {
        "reportDir": "cypress/reports/mochawesome-report",
        "overwrite": false,
        "html": true,
        "json": true,
        "charts": true,
        "timestamp": "mmddyyyy_HHMMss"
      },
      "version": "5.1.0"
    }
  }
}