{
  "stats": {
    "suites": 2,
    "tests": 3,
    "passes": 2,
    "pending": 0,
    "failures": 1,
    "start": "2020-11-12T10:32:08.631Z",
    "end": "2020-11-12T10:32:10.406Z",
    "duration": 1775,
    "testsRegistered": 3,
    "passPercent": 66.66666666666666,
    "pendingPercent": 0,
    "other": 0,
    "hasOther": false,
    "skipped": 0,
    "hasSkipped": false
  },
  "results": [
    {
      "uuid": "f6f6ac20-cbfb-47f0-88bd-3e6839635e0b",
      "title": "",
      "fullFile": "cypress\\integration\\restAPI\\get_requests\\get_calls_using_barear_tocken.js",
      "file": "cypress\\integration\\restAPI\\get_requests\\get_calls_using_barear_tocken.js",
      "beforeHooks": [],
      "afterHooks": [],
      "tests": [],
      "suites": [
        {
          "uuid": "0141d6db-8ca8-402d-baa8-75a03e942067",
          "title": "GET calls using Barear Authentication Tests",
          "fullFile": "",
          "file": "",
          "beforeHooks": [],
          "afterHooks": [],
          "tests": [
            {
              "title": "Check status code for all users",
              "fullTitle": "GET calls using Barear Authentication Tests Check status code for all users",
              "timedOut": null,
              "duration": 953,
              "state": "passed",
              "speed": "slow",
              "pass": true,
              "fail": false,
              "pending": false,
              "context": null,
              "code": "cy.get('@request').its('status').should('equal', 200);",
              "err": {},
              "uuid": "7d55ba29-97ba-4ffb-bd7d-8defe2f34afe",
              "parentUUID": "0141d6db-8ca8-402d-baa8-75a03e942067",
              "isHook": false,
              "skipped": false
            },
            {
              "title": "Check status code for all users",
              "fullTitle": "GET calls using Barear Authentication Tests Check status code for all users",
              "timedOut": null,
              "duration": 217,
              "state": "passed",
              "speed": "slow",
              "pass": true,
              "fail": false,
              "pending": false,
              "context": null,
              "code": "cy.get('@request').then(function (response) {\n  cy.writeFile('cypress/fixtures/save_responses/seved_response.json', response.body);\n  cy.readFile('cypress/fixtures/save_responses/seved_response.json').then(function (json_data) {\n    cy.log(json_data.code);\n    expect(json_data.code).equal(200);\n  });\n});",
              "err": {},
              "uuid": "880f1ed9-832a-45a8-a058-4a2c39c2784d",
              "parentUUID": "0141d6db-8ca8-402d-baa8-75a03e942067",
              "isHook": false,
              "skipped": false
            }
          ],
          "suites": [],
          "passes": [
            "7d55ba29-97ba-4ffb-bd7d-8defe2f34afe",
            "880f1ed9-832a-45a8-a058-4a2c39c2784d"
          ],
          "failures": [],
          "pending": [],
          "skipped": [],
          "duration": 1170,
          "root": false,
          "rootEmpty": false,
          "_timeout": 2000
        },
        {
          "uuid": "db3b08a5-fb27-43cf-ae4e-3e21923e4683",
          "title": "Optional Query Parameter tests",
          "fullFile": "",
          "file": "",
          "beforeHooks": [],
          "afterHooks": [],
          "tests": [
            {
              "title": "Check expected response",
              "fullTitle": "Optional Query Parameter tests Check expected response",
              "timedOut": null,
              "duration": 542,
              "state": "failed",
              "speed": null,
              "pass": false,
              "fail": true,
              "pending": false,
              "context": null,
              "code": "cy.get('@request1').its('body').its('data').then(function (response) {\n  cy.log(JSON.stringify(response));\n  expect(response[0].email).equal('bhagwanti_gowda@waelchi.org');\n});",
              "err": {
                "message": "AssertionError: expected 'khatri_suryakantam@borer.net' to equal 'bhagwanti_gowda@waelchi.org'",
                "estack": "AssertionError: expected 'khatri_suryakantam@borer.net' to equal 'bhagwanti_gowda@waelchi.org'\n    at Context.eval (http://localhost:52310/__cypress/tests?p=cypress\\integration\\restAPI\\get_requests\\get_calls_using_barear_tocken.js:146:33)",
                "diff": "- 'khatri_suryakantam@borer.net'\n+ 'bhagwanti_gowda@waelchi.org'\n"
              },
              "uuid": "e82e27af-b7c7-428c-9303-5a821db393d9",
              "parentUUID": "db3b08a5-fb27-43cf-ae4e-3e21923e4683",
              "isHook": false,
              "skipped": false
            }
          ],
          "suites": [],
          "passes": [],
          "failures": [
            "e82e27af-b7c7-428c-9303-5a821db393d9"
          ],
          "pending": [],
          "skipped": [],
          "duration": 542,
          "root": false,
          "rootEmpty": false,
          "_timeout": 2000
        }
      ],
      "passes": [],
      "failures": [],
      "pending": [],
      "skipped": [],
      "duration": 0,
      "root": true,
      "rootEmpty": true,
      "_timeout": 2000
    }
  ],
  "meta": {
    "mocha": {
      "version": "7.0.1"
    },
    "mochawesome": {
      "options": {
        "quiet": false,
        "reportFilename": "mochawesome",
        "saveHtml": true,
        "saveJson": true,
        "consoleReporter": "spec",
        "useInlineDiffs": false,
        "code": true
      },
      "version": "6.2.1"
    },
    "marge": {
      "options": {
        "reportDir": "cypress/reports/mochawesome-report",
        "overwrite": false,
        "html": true,
        "json": true,
        "charts": true,
        "timestamp": "mmddyyyy_HHMMss"
      },
      "version": "5.1.0"
    }
  }
}