{
  "stats": {
    "suites": 3,
    "tests": 13,
    "passes": 12,
    "pending": 0,
    "failures": 1,
    "start": "2020-11-12T10:32:22.630Z",
    "end": "2020-11-12T10:32:26.888Z",
    "duration": 4258,
    "testsRegistered": 13,
    "passPercent": 92.3076923076923,
    "pendingPercent": 0,
    "other": 0,
    "hasOther": false,
    "skipped": 0,
    "hasSkipped": false
  },
  "results": [
    {
      "uuid": "69fd614c-ad36-4aef-aa4c-4f5507d119d9",
      "title": "",
      "fullFile": "cypress\\integration\\restAPI\\get_requests\\get_positive_negative_calls.js",
      "file": "cypress\\integration\\restAPI\\get_requests\\get_positive_negative_calls.js",
      "beforeHooks": [],
      "afterHooks": [],
      "tests": [],
      "suites": [
        {
          "uuid": "639d88e8-e4c9-4bc8-b30f-e9d1a0e021d0",
          "title": "Reqres.in API - Get Call Requests",
          "fullFile": "",
          "file": "",
          "beforeHooks": [],
          "afterHooks": [],
          "tests": [
            {
              "title": "Check response code",
              "fullTitle": "Reqres.in API - Get Call Requests Check response code",
              "timedOut": null,
              "duration": 104,
              "state": "passed",
              "speed": "slow",
              "pass": true,
              "fail": false,
              "pending": false,
              "context": null,
              "code": "cy.get('@users').its('status').should('equal', 200);",
              "err": {},
              "uuid": "ba53fbeb-9e78-4c50-a433-9f5f83e58eb7",
              "parentUUID": "639d88e8-e4c9-4bc8-b30f-e9d1a0e021d0",
              "isHook": false,
              "skipped": false
            },
            {
              "title": "Check its conetent type",
              "fullTitle": "Reqres.in API - Get Call Requests Check its conetent type",
              "timedOut": null,
              "duration": 71,
              "state": "passed",
              "speed": "medium",
              "pass": true,
              "fail": false,
              "pending": false,
              "context": null,
              "code": "cy.get('@users').its('headers').its('content-type').should('include', 'application/json; charset=utf-8');",
              "err": {},
              "uuid": "4deb16e4-91c3-47e9-b70f-34d321f91fa6",
              "parentUUID": "639d88e8-e4c9-4bc8-b30f-e9d1a0e021d0",
              "isHook": false,
              "skipped": false
            },
            {
              "title": "Get length of the response body",
              "fullTitle": "Reqres.in API - Get Call Requests Get length of the response body",
              "timedOut": null,
              "duration": 56,
              "state": "passed",
              "speed": "medium",
              "pass": true,
              "fail": false,
              "pending": false,
              "context": null,
              "code": "cy.get('@users').its('body').its('data').then(function (data) {\n  cy.log(data.length);\n});",
              "err": {},
              "uuid": "a256f42c-2594-4077-8ab5-9abf11b3bafa",
              "parentUUID": "639d88e8-e4c9-4bc8-b30f-e9d1a0e021d0",
              "isHook": false,
              "skipped": false
            },
            {
              "title": "Check length of the response body",
              "fullTitle": "Reqres.in API - Get Call Requests Check length of the response body",
              "timedOut": null,
              "duration": 81,
              "state": "passed",
              "speed": "slow",
              "pass": true,
              "fail": false,
              "pending": false,
              "context": null,
              "code": "cy.get('@users').its('body').its('data').should('have.length', 6);",
              "err": {},
              "uuid": "9dd25e5b-8aa7-4173-9b44-1c123675627e",
              "parentUUID": "639d88e8-e4c9-4bc8-b30f-e9d1a0e021d0",
              "isHook": false,
              "skipped": false
            },
            {
              "title": "Expect response body should not be null",
              "fullTitle": "Reqres.in API - Get Call Requests Expect response body should not be null",
              "timedOut": null,
              "duration": 51,
              "state": "passed",
              "speed": "medium",
              "pass": true,
              "fail": false,
              "pending": false,
              "context": null,
              "code": "cy.get('@users').its('body').should('not.be.null');",
              "err": {},
              "uuid": "0035bffa-bba6-4f86-8bc3-0dbefcf8cfbb",
              "parentUUID": "639d88e8-e4c9-4bc8-b30f-e9d1a0e021d0",
              "isHook": false,
              "skipped": false
            },
            {
              "title": "Check total pages in response",
              "fullTitle": "Reqres.in API - Get Call Requests Check total pages in response",
              "timedOut": null,
              "duration": 43,
              "state": "passed",
              "speed": "medium",
              "pass": true,
              "fail": false,
              "pending": false,
              "context": null,
              "code": "cy.get('@users').its('body').its('total_pages').should('equal', 2);",
              "err": {},
              "uuid": "64424c68-19aa-465f-ada3-fa969a55f73d",
              "parentUUID": "639d88e8-e4c9-4bc8-b30f-e9d1a0e021d0",
              "isHook": false,
              "skipped": false
            },
            {
              "title": "Check response body",
              "fullTitle": "Reqres.in API - Get Call Requests Check response body",
              "timedOut": null,
              "duration": 60,
              "state": "passed",
              "speed": "medium",
              "pass": true,
              "fail": false,
              "pending": false,
              "context": null,
              "code": "cy.get('@users').then(function ($response) {\n  cy.log($response.body.data);\n  cy.log($response.body.data[0]);\n  cy.log($response.body.data[0].first_name);\n  expect($response.status).equal(200);\n  expect($response.body.data[0].first_name).equal('Michael');\n  expect($response.body).to.not.be[\"null\"];\n  expect($response.body.data).to.have.length(6);\n});",
              "err": {},
              "uuid": "b0b57845-0a39-4227-8604-3e290ba463b8",
              "parentUUID": "639d88e8-e4c9-4bc8-b30f-e9d1a0e021d0",
              "isHook": false,
              "skipped": false
            },
            {
              "title": "Print complete response body as JSON string",
              "fullTitle": "Reqres.in API - Get Call Requests Print complete response body as JSON string",
              "timedOut": null,
              "duration": 47,
              "state": "passed",
              "speed": "medium",
              "pass": true,
              "fail": false,
              "pending": false,
              "context": null,
              "code": "cy.get('@users').its('body').then(function ($expected_response) {\n  cy.log(JSON.stringify($expected_response));\n});",
              "err": {},
              "uuid": "62d1ba52-929f-4063-a59d-40dd0dc3aea2",
              "parentUUID": "639d88e8-e4c9-4bc8-b30f-e9d1a0e021d0",
              "isHook": false,
              "skipped": false
            },
            {
              "title": "Check actual response body legth againist expected json response length",
              "fullTitle": "Reqres.in API - Get Call Requests Check actual response body legth againist expected json response length",
              "timedOut": null,
              "duration": 65,
              "state": "passed",
              "speed": "medium",
              "pass": true,
              "fail": false,
              "pending": false,
              "context": null,
              "code": "cy.fixture('get_reqres_response.json').as('actual_response');\nvar actual_resp;\ncy.get('@actual_response').its('data').then(function (actual) {\n  cy.log(\"There are \".concat(actual.length, \" admins.\"));\n  actual_resp = actual.length;\n});\ncy.get('@users').its('body').its('data').then(function ($expected_response) {\n  cy.log(JSON.stringify($expected_response));\n  cy.log($expected_response.length);\n  expect($expected_response).to.have.lengthOf(actual_resp);\n});",
              "err": {},
              "uuid": "fb3e2113-a5e7-4eb2-a989-54de18b61bff",
              "parentUUID": "639d88e8-e4c9-4bc8-b30f-e9d1a0e021d0",
              "isHook": false,
              "skipped": false
            },
            {
              "title": "Check actual response body againist expected json response",
              "fullTitle": "Reqres.in API - Get Call Requests Check actual response body againist expected json response",
              "timedOut": null,
              "duration": 50,
              "state": "passed",
              "speed": "medium",
              "pass": true,
              "fail": false,
              "pending": false,
              "context": null,
              "code": "cy.fixture('get_reqres_response.json').as('actual_response');\nvar actual_resp;\ncy.get('@actual_response').then(function (actual) {\n  cy.log(actual);\n  actual_resp = actual;\n});\ncy.get('@users').its('body').then(function (expected_resp) {\n  cy.wrap(expected_resp).should('deep.equal', actual_resp);\n});",
              "err": {},
              "uuid": "741da01f-3313-4a33-832d-fb55dcd7a81b",
              "parentUUID": "639d88e8-e4c9-4bc8-b30f-e9d1a0e021d0",
              "isHook": false,
              "skipped": false
            }
          ],
          "suites": [],
          "passes": [
            "ba53fbeb-9e78-4c50-a433-9f5f83e58eb7",
            "4deb16e4-91c3-47e9-b70f-34d321f91fa6",
            "a256f42c-2594-4077-8ab5-9abf11b3bafa",
            "9dd25e5b-8aa7-4173-9b44-1c123675627e",
            "0035bffa-bba6-4f86-8bc3-0dbefcf8cfbb",
            "64424c68-19aa-465f-ada3-fa969a55f73d",
            "b0b57845-0a39-4227-8604-3e290ba463b8",
            "62d1ba52-929f-4063-a59d-40dd0dc3aea2",
            "fb3e2113-a5e7-4eb2-a989-54de18b61bff",
            "741da01f-3313-4a33-832d-fb55dcd7a81b"
          ],
          "failures": [],
          "pending": [],
          "skipped": [],
          "duration": 628,
          "root": false,
          "rootEmpty": false,
          "_timeout": 2000
        },
        {
          "uuid": "898ccac7-71ab-40ee-b015-11fa16ac1ca2",
          "title": "GET negative calls",
          "fullFile": "",
          "file": "",
          "beforeHooks": [],
          "afterHooks": [],
          "tests": [
            {
              "title": "Single user not found",
              "fullTitle": "GET negative calls Single user not found",
              "timedOut": null,
              "duration": 81,
              "state": "passed",
              "speed": "slow",
              "pass": true,
              "fail": false,
              "pending": false,
              "context": null,
              "code": "cy.request({\n  method: 'GET',\n  url: Cypress.env('reqres_url') + '/api/users/23',\n  headers: {\n    'accept': 'application/json'\n  },\n  failOnStatusCode: false //fail on status code if we remove this option or set to true\n}).then(function ($response) {\n  expect($response.status).equal(404);\n});",
              "err": {},
              "uuid": "71e43593-0ebb-44c8-86d7-12a936803d7c",
              "parentUUID": "898ccac7-71ab-40ee-b015-11fa16ac1ca2",
              "isHook": false,
              "skipped": false
            },
            {
              "title": "Single resource not found",
              "fullTitle": "GET negative calls Single resource not found",
              "timedOut": null,
              "duration": 321,
              "state": "failed",
              "speed": null,
              "pass": false,
              "fail": true,
              "pending": false,
              "context": null,
              "code": "cy.request({\n  method: 'GET',\n  url: '/api/unknown/23',\n  headers: {\n    'accept': 'application/json'\n  },\n  failOnStatusCode: false //fail on status code if we remove this option or set to true\n}).then(function ($response) {\n  expect($response.status).equal(404);\n});",
              "err": {
                "message": "CypressError: `cy.request()` must be provided a fully qualified `url` - one that begins with `http`. By default `cy.request()` will use either the current window's origin or the `baseUrl` in `cypress.json`. Neither of those values were present.\n\nhttps://on.cypress.io/request",
                "estack": "CypressError: `cy.request()` must be provided a fully qualified `url` - one that begins with `http`. By default `cy.request()` will use either the current window's origin or the `baseUrl` in `cypress.json`. Neither of those values were present.\n\nhttps://on.cypress.io/request\n    at Context.request (http://localhost:52310/__cypress/runner/cypress_runner.js:159552:19)\nFrom Your Spec Code:\n    at Context.eval (http://localhost:52310/__cypress/tests?p=cypress\\integration\\restAPI\\get_requests\\get_positive_negative_calls.js:191:8)",
                "diff": null
              },
              "uuid": "4e115036-0bda-4537-b3ee-1e9cca5aaca4",
              "parentUUID": "898ccac7-71ab-40ee-b015-11fa16ac1ca2",
              "isHook": false,
              "skipped": false
            }
          ],
          "suites": [],
          "passes": [
            "71e43593-0ebb-44c8-86d7-12a936803d7c"
          ],
          "failures": [
            "4e115036-0bda-4537-b3ee-1e9cca5aaca4"
          ],
          "pending": [],
          "skipped": [],
          "duration": 402,
          "root": false,
          "rootEmpty": false,
          "_timeout": 2000
        },
        {
          "uuid": "b61cb503-d0cb-4752-b48a-9a4c401530cd",
          "title": "Check delayed response",
          "fullFile": "",
          "file": "",
          "beforeHooks": [],
          "afterHooks": [],
          "tests": [
            {
              "title": "Delay Response",
              "fullTitle": "Check delayed response Delay Response",
              "timedOut": null,
              "duration": 3090,
              "state": "passed",
              "speed": "slow",
              "pass": true,
              "fail": false,
              "pending": false,
              "context": null,
              "code": "cy.request({\n  method: 'GET',\n  url: Cypress.env('reqres_url') + '/api/users?delay=3',\n  headers: {\n    'accept': 'application/json'\n  },\n  failOnStatusCode: false //fail on status code if we remove this option or set to true\n}).then(function ($response) {\n  expect($response.status).equal(200);\n});",
              "err": {},
              "uuid": "27e9adbc-2828-4976-8048-dc22a6a4b19d",
              "parentUUID": "b61cb503-d0cb-4752-b48a-9a4c401530cd",
              "isHook": false,
              "skipped": false
            }
          ],
          "suites": [],
          "passes": [
            "27e9adbc-2828-4976-8048-dc22a6a4b19d"
          ],
          "failures": [],
          "pending": [],
          "skipped": [],
          "duration": 3090,
          "root": false,
          "rootEmpty": false,
          "_timeout": 2000
        }
      ],
      "passes": [],
      "failures": [],
      "pending": [],
      "skipped": [],
      "duration": 0,
      "root": true,
      "rootEmpty": true,
      "_timeout": 2000
    }
  ],
  "meta": {
    "mocha": {
      "version": "7.0.1"
    },
    "mochawesome": {
      "options": {
        "quiet": false,
        "reportFilename": "mochawesome",
        "saveHtml": true,
        "saveJson": true,
        "consoleReporter": "spec",
        "useInlineDiffs": false,
        "code": true
      },
      "version": "6.2.1"
    },
    "marge": {
      "options": {
        "reportDir": "cypress/reports/mochawesome-report",
        "overwrite": false,
        "html": true,
        "json": true,
        "charts": true,
        "timestamp": "mmddyyyy_HHMMss"
      },
      "version": "5.1.0"
    }
  }
}