{
  "stats": {
    "suites": 1,
    "tests": 2,
    "passes": 2,
    "pending": 0,
    "failures": 0,
    "start": "2020-11-12T10:31:55.513Z",
    "end": "2020-11-12T10:31:55.652Z",
    "duration": 139,
    "testsRegistered": 2,
    "passPercent": 100,
    "pendingPercent": 0,
    "other": 0,
    "hasOther": false,
    "skipped": 0,
    "hasSkipped": false
  },
  "results": [
    {
      "uuid": "44d56784-8079-4e05-93a5-bbaec6d39aa6",
      "title": "",
      "fullFile": "cypress\\integration\\mockAPI_examples\\mock_post_delete_calls.js",
      "file": "cypress\\integration\\mockAPI_examples\\mock_post_delete_calls.js",
      "beforeHooks": [],
      "afterHooks": [],
      "tests": [],
      "suites": [
        {
          "uuid": "d31bfb3a-e540-49b0-bf0b-0f19cba35e2e",
          "title": "Mock POST calls",
          "fullFile": "",
          "file": "",
          "beforeHooks": [],
          "afterHooks": [],
          "tests": [
            {
              "title": "Create new resource",
              "fullTitle": "Mock POST calls Create new resource",
              "timedOut": null,
              "duration": 86,
              "state": "passed",
              "speed": "slow",
              "pass": true,
              "fail": false,
              "pending": false,
              "context": null,
              "code": "cy.request({\n  method: 'POST',\n  url: Cypress.env('mock_url') + '/users',\n  headers: {\n    'Content-type': 'application/json'\n  },\n  body: {\n    \"name\": \"Praveen\",\n    \"surname\": \"Narala\"\n  }\n}).as('request');\ncy.get('@request').then(function (response) {\n  if (response.status === 201) {\n    cy.log(response.body.id);\n    created_resource_id = response.body.id;\n  }\n});",
              "err": {},
              "uuid": "bb9cf82a-de3f-40b5-abd0-ae4dc95f1258",
              "parentUUID": "d31bfb3a-e540-49b0-bf0b-0f19cba35e2e",
              "isHook": false,
              "skipped": false
            },
            {
              "title": "Delete created resource",
              "fullTitle": "Mock POST calls Delete created resource",
              "timedOut": null,
              "duration": 32,
              "state": "passed",
              "speed": "fast",
              "pass": true,
              "fail": false,
              "pending": false,
              "context": null,
              "code": "cy.request({\n  method: 'DELETE',\n  url: Cypress.env('mock_url') + '/users/' + created_resource_id,\n  headers: {\n    'Content-type': 'application/json'\n  }\n}).as('request');\ncy.get('@request').its('status').should('equal', 200);",
              "err": {},
              "uuid": "ed6f219a-5fde-4e6e-be40-e29b118c7bc8",
              "parentUUID": "d31bfb3a-e540-49b0-bf0b-0f19cba35e2e",
              "isHook": false,
              "skipped": false
            }
          ],
          "suites": [],
          "passes": [
            "bb9cf82a-de3f-40b5-abd0-ae4dc95f1258",
            "ed6f219a-5fde-4e6e-be40-e29b118c7bc8"
          ],
          "failures": [],
          "pending": [],
          "skipped": [],
          "duration": 118,
          "root": false,
          "rootEmpty": false,
          "_timeout": 2000
        }
      ],
      "passes": [],
      "failures": [],
      "pending": [],
      "skipped": [],
      "duration": 0,
      "root": true,
      "rootEmpty": true,
      "_timeout": 2000
    }
  ],
  "meta": {
    "mocha": {
      "version": "7.0.1"
    },
    "mochawesome": {
      "options": {
        "quiet": false,
        "reportFilename": "mochawesome",
        "saveHtml": true,
        "saveJson": true,
        "consoleReporter": "spec",
        "useInlineDiffs": false,
        "code": true
      },
      "version": "6.2.1"
    },
    "marge": {
      "options": {
        "reportDir": "cypress/reports/mochawesome-report",
        "overwrite": false,
        "html": true,
        "json": true,
        "charts": true,
        "timestamp": "mmddyyyy_HHMMss"
      },
      "version": "5.1.0"
    }
  }
}